[0.783s] Invoking command in '/home/jatin/ros2_ASSIGN_2_updated/src/robot_proximity': PYTHONPATH=/home/jatin/ros2_ASSIGN_2_updated/build/robot_proximity/prefix_override:/usr/lib/python3/dist-packages/colcon_core/task/python/colcon_distutils_commands:/home/jatin/ros2_ASSIGN_2_updated/install/robot_proximity/lib/python3.10/site-packages: /usr/bin/python3 -W ignore:setup.py install is deprecated -W ignore:easy_install command is deprecated setup.py egg_info --egg-base ../../build/robot_proximity build --build-base /home/jatin/ros2_ASSIGN_2_updated/build/robot_proximity/build install --record /home/jatin/ros2_ASSIGN_2_updated/build/robot_proximity/install.log --single-version-externally-managed install_data
[0.946s] running egg_info
[0.947s] creating ../../build/robot_proximity/robot_proximity.egg-info
[0.948s] writing ../../build/robot_proximity/robot_proximity.egg-info/PKG-INFO
[0.948s] writing dependency_links to ../../build/robot_proximity/robot_proximity.egg-info/dependency_links.txt
[0.948s] writing entry points to ../../build/robot_proximity/robot_proximity.egg-info/entry_points.txt
[0.949s] writing requirements to ../../build/robot_proximity/robot_proximity.egg-info/requires.txt
[0.949s] writing top-level names to ../../build/robot_proximity/robot_proximity.egg-info/top_level.txt
[0.949s] writing manifest file '../../build/robot_proximity/robot_proximity.egg-info/SOURCES.txt'
[0.951s] reading manifest file '../../build/robot_proximity/robot_proximity.egg-info/SOURCES.txt'
[0.952s] writing manifest file '../../build/robot_proximity/robot_proximity.egg-info/SOURCES.txt'
[0.952s] running build
[0.952s] running build_py
[0.952s] creating /home/jatin/ros2_ASSIGN_2_updated/build/robot_proximity/build
[0.952s] creating /home/jatin/ros2_ASSIGN_2_updated/build/robot_proximity/build/lib
[0.952s] creating /home/jatin/ros2_ASSIGN_2_updated/build/robot_proximity/build/lib/robot_proximity
[0.953s] copying robot_proximity/robot_node.py -> /home/jatin/ros2_ASSIGN_2_updated/build/robot_proximity/build/lib/robot_proximity
[0.953s] copying robot_proximity/graph_visualizer.py -> /home/jatin/ros2_ASSIGN_2_updated/build/robot_proximity/build/lib/robot_proximity
[0.953s] copying robot_proximity/__init__.py -> /home/jatin/ros2_ASSIGN_2_updated/build/robot_proximity/build/lib/robot_proximity
[0.953s] copying robot_proximity/proximity_monitor.py -> /home/jatin/ros2_ASSIGN_2_updated/build/robot_proximity/build/lib/robot_proximity
[0.953s] copying robot_proximity/graph_manager.py -> /home/jatin/ros2_ASSIGN_2_updated/build/robot_proximity/build/lib/robot_proximity
[0.954s] running install
[0.954s] running install_lib
[0.955s] creating /home/jatin/ros2_ASSIGN_2_updated/install/robot_proximity/lib/python3.10/site-packages/robot_proximity
[0.955s] copying /home/jatin/ros2_ASSIGN_2_updated/build/robot_proximity/build/lib/robot_proximity/robot_node.py -> /home/jatin/ros2_ASSIGN_2_updated/install/robot_proximity/lib/python3.10/site-packages/robot_proximity
[0.955s] copying /home/jatin/ros2_ASSIGN_2_updated/build/robot_proximity/build/lib/robot_proximity/graph_visualizer.py -> /home/jatin/ros2_ASSIGN_2_updated/install/robot_proximity/lib/python3.10/site-packages/robot_proximity
[0.956s] copying /home/jatin/ros2_ASSIGN_2_updated/build/robot_proximity/build/lib/robot_proximity/__init__.py -> /home/jatin/ros2_ASSIGN_2_updated/install/robot_proximity/lib/python3.10/site-packages/robot_proximity
[0.987s] copying /home/jatin/ros2_ASSIGN_2_updated/build/robot_proximity/build/lib/robot_proximity/proximity_monitor.py -> /home/jatin/ros2_ASSIGN_2_updated/install/robot_proximity/lib/python3.10/site-packages/robot_proximity
[0.988s] copying /home/jatin/ros2_ASSIGN_2_updated/build/robot_proximity/build/lib/robot_proximity/graph_manager.py -> /home/jatin/ros2_ASSIGN_2_updated/install/robot_proximity/lib/python3.10/site-packages/robot_proximity
[0.988s] byte-compiling /home/jatin/ros2_ASSIGN_2_updated/install/robot_proximity/lib/python3.10/site-packages/robot_proximity/robot_node.py to robot_node.cpython-310.pyc
[0.990s] byte-compiling /home/jatin/ros2_ASSIGN_2_updated/install/robot_proximity/lib/python3.10/site-packages/robot_proximity/graph_visualizer.py to graph_visualizer.cpython-310.pyc
[0.990s] byte-compiling /home/jatin/ros2_ASSIGN_2_updated/install/robot_proximity/lib/python3.10/site-packages/robot_proximity/__init__.py to __init__.cpython-310.pyc
[0.991s] byte-compiling /home/jatin/ros2_ASSIGN_2_updated/install/robot_proximity/lib/python3.10/site-packages/robot_proximity/proximity_monitor.py to proximity_monitor.cpython-310.pyc
[0.992s] byte-compiling /home/jatin/ros2_ASSIGN_2_updated/install/robot_proximity/lib/python3.10/site-packages/robot_proximity/graph_manager.py to graph_manager.cpython-310.pyc
[0.992s] running install_data
[0.992s] creating /home/jatin/ros2_ASSIGN_2_updated/install/robot_proximity/share/ament_index
[0.993s] creating /home/jatin/ros2_ASSIGN_2_updated/install/robot_proximity/share/ament_index/resource_index
[0.993s] creating /home/jatin/ros2_ASSIGN_2_updated/install/robot_proximity/share/ament_index/resource_index/packages
[0.993s] copying resource/robot_proximity -> /home/jatin/ros2_ASSIGN_2_updated/install/robot_proximity/share/ament_index/resource_index/packages
[0.993s] copying package.xml -> /home/jatin/ros2_ASSIGN_2_updated/install/robot_proximity/share/robot_proximity
[0.993s] creating /home/jatin/ros2_ASSIGN_2_updated/install/robot_proximity/share/robot_proximity/launch
[0.994s] copying launch/simulation.launch.py -> /home/jatin/ros2_ASSIGN_2_updated/install/robot_proximity/share/robot_proximity/launch
[0.994s] creating /home/jatin/ros2_ASSIGN_2_updated/install/robot_proximity/share/robot_proximity/config
[0.994s] copying config/simulation.rviz -> /home/jatin/ros2_ASSIGN_2_updated/install/robot_proximity/share/robot_proximity/config
[0.995s] running install_egg_info
[0.996s] Copying ../../build/robot_proximity/robot_proximity.egg-info to /home/jatin/ros2_ASSIGN_2_updated/install/robot_proximity/lib/python3.10/site-packages/robot_proximity-0.0.0-py3.10.egg-info
[0.997s] running install_scripts
[1.019s] Installing graph_visualizer script to /home/jatin/ros2_ASSIGN_2_updated/install/robot_proximity/lib/robot_proximity
[1.020s] Installing proximity_monitor script to /home/jatin/ros2_ASSIGN_2_updated/install/robot_proximity/lib/robot_proximity
[1.020s] Installing robot_node script to /home/jatin/ros2_ASSIGN_2_updated/install/robot_proximity/lib/robot_proximity
[1.021s] writing list of installed files to '/home/jatin/ros2_ASSIGN_2_updated/build/robot_proximity/install.log'
[1.050s] Invoked command in '/home/jatin/ros2_ASSIGN_2_updated/src/robot_proximity' returned '0': PYTHONPATH=/home/jatin/ros2_ASSIGN_2_updated/build/robot_proximity/prefix_override:/usr/lib/python3/dist-packages/colcon_core/task/python/colcon_distutils_commands:/home/jatin/ros2_ASSIGN_2_updated/install/robot_proximity/lib/python3.10/site-packages: /usr/bin/python3 -W ignore:setup.py install is deprecated -W ignore:easy_install command is deprecated setup.py egg_info --egg-base ../../build/robot_proximity build --build-base /home/jatin/ros2_ASSIGN_2_updated/build/robot_proximity/build install --record /home/jatin/ros2_ASSIGN_2_updated/build/robot_proximity/install.log --single-version-externally-managed install_data
