[3.066s] DEBUG:colcon:Command line arguments: ['/usr/bin/colcon', 'build', '--packages-select', 'robot_proximity']
[3.066s] DEBUG:colcon:Parsed command line arguments: Namespace(log_base=None, log_level=None, verb_name='build', build_base='build', install_base='install', merge_install=False, symlink_install=False, test_result_base=None, continue_on_error=False, executor='parallel', parallel_workers=8, event_handlers=None, ignore_user_meta=False, metas=['./colcon.meta'], base_paths=['.'], packages_ignore=None, packages_ignore_regex=None, paths=None, packages_up_to=None, packages_up_to_regex=None, packages_above=None, packages_above_and_dependencies=None, packages_above_depth=None, packages_select_by_dep=None, packages_skip_by_dep=None, packages_skip_up_to=None, packages_select_build_failed=False, packages_skip_build_finished=False, packages_select_test_failures=False, packages_skip_test_passed=False, packages_select=['robot_proximity'], packages_skip=None, packages_select_regex=None, packages_skip_regex=None, packages_start=None, packages_end=None, allow_overriding=[], cmake_args=None, cmake_target=None, cmake_target_skip_unavailable=False, cmake_clean_cache=False, cmake_clean_first=False, cmake_force_configure=False, ament_cmake_args=None, catkin_cmake_args=None, catkin_skip_building_tests=False, mixin_files=None, mixin=None, verb_parser=<colcon_mixin.mixin.mixin_argument.MixinArgumentDecorator object at 0x7f7a972d6d40>, verb_extension=<colcon_core.verb.build.BuildVerb object at 0x7f7a973ebca0>, main=<bound method BuildVerb.main of <colcon_core.verb.build.BuildVerb object at 0x7f7a973ebca0>>, mixin_verb=('build',))
[4.948s] Level 1:colcon.colcon_core.package_discovery:discover_packages(colcon_meta) check parameters
[4.948s] Level 1:colcon.colcon_core.package_discovery:discover_packages(recursive) check parameters
[4.948s] Level 1:colcon.colcon_core.package_discovery:discover_packages(ignore) check parameters
[4.948s] Level 1:colcon.colcon_core.package_discovery:discover_packages(path) check parameters
[4.948s] Level 1:colcon.colcon_core.package_discovery:discover_packages(colcon_meta) discover
[4.948s] Level 1:colcon.colcon_core.package_discovery:discover_packages(recursive) discover
[4.949s] INFO:colcon.colcon_core.package_discovery:Crawling recursively for packages in '/home/chandu/ros2_ws/src/ros2_ASSIGN_2_updated LATEST 10 ROBO/ros2_ASSIGN_2_updated LATEST 10 ROBO'
[4.949s] Level 1:colcon.colcon_core.package_identification:_identify(.) by extensions ['ignore', 'ignore_ament_install']
[4.949s] Level 1:colcon.colcon_core.package_identification:_identify(.) by extension 'ignore'
[4.949s] Level 1:colcon.colcon_core.package_identification:_identify(.) by extension 'ignore_ament_install'
[4.950s] Level 1:colcon.colcon_core.package_identification:_identify(.) by extensions ['colcon_pkg']
[4.950s] Level 1:colcon.colcon_core.package_identification:_identify(.) by extension 'colcon_pkg'
[4.950s] Level 1:colcon.colcon_core.package_identification:_identify(.) by extensions ['colcon_meta']
[4.950s] Level 1:colcon.colcon_core.package_identification:_identify(.) by extension 'colcon_meta'
[4.950s] Level 1:colcon.colcon_core.package_identification:_identify(.) by extensions ['ros']
[4.950s] Level 1:colcon.colcon_core.package_identification:_identify(.) by extension 'ros'
[5.010s] Level 1:colcon.colcon_core.package_identification:_identify(.) by extensions ['cmake', 'python']
[5.010s] Level 1:colcon.colcon_core.package_identification:_identify(.) by extension 'cmake'
[5.010s] Level 1:colcon.colcon_core.package_identification:_identify(.) by extension 'python'
[5.010s] Level 1:colcon.colcon_core.package_identification:_identify(.) by extensions ['python_setup_py']
[5.010s] Level 1:colcon.colcon_core.package_identification:_identify(.) by extension 'python_setup_py'
[5.010s] Level 1:colcon.colcon_core.package_identification:_identify(__pycache__) by extensions ['ignore', 'ignore_ament_install']
[5.011s] Level 1:colcon.colcon_core.package_identification:_identify(__pycache__) by extension 'ignore'
[5.011s] Level 1:colcon.colcon_core.package_identification:_identify(__pycache__) by extension 'ignore_ament_install'
[5.011s] Level 1:colcon.colcon_core.package_identification:_identify(__pycache__) by extensions ['colcon_pkg']
[5.011s] Level 1:colcon.colcon_core.package_identification:_identify(__pycache__) by extension 'colcon_pkg'
[5.011s] Level 1:colcon.colcon_core.package_identification:_identify(__pycache__) by extensions ['colcon_meta']
[5.011s] Level 1:colcon.colcon_core.package_identification:_identify(__pycache__) by extension 'colcon_meta'
[5.011s] Level 1:colcon.colcon_core.package_identification:_identify(__pycache__) by extensions ['ros']
[5.011s] Level 1:colcon.colcon_core.package_identification:_identify(__pycache__) by extension 'ros'
[5.012s] Level 1:colcon.colcon_core.package_identification:_identify(__pycache__) by extensions ['cmake', 'python']
[5.012s] Level 1:colcon.colcon_core.package_identification:_identify(__pycache__) by extension 'cmake'
[5.012s] Level 1:colcon.colcon_core.package_identification:_identify(__pycache__) by extension 'python'
[5.012s] Level 1:colcon.colcon_core.package_identification:_identify(__pycache__) by extensions ['python_setup_py']
[5.012s] Level 1:colcon.colcon_core.package_identification:_identify(__pycache__) by extension 'python_setup_py'
[5.012s] Level 1:colcon.colcon_core.package_identification:_identify(build) by extensions ['ignore', 'ignore_ament_install']
[5.013s] Level 1:colcon.colcon_core.package_identification:_identify(build) by extension 'ignore'
[5.013s] Level 1:colcon.colcon_core.package_identification:_identify(build) ignored
[5.013s] Level 1:colcon.colcon_core.package_identification:_identify(install) by extensions ['ignore', 'ignore_ament_install']
[5.013s] Level 1:colcon.colcon_core.package_identification:_identify(install) by extension 'ignore'
[5.013s] Level 1:colcon.colcon_core.package_identification:_identify(install) ignored
[5.014s] Level 1:colcon.colcon_core.package_identification:_identify(log) by extensions ['ignore', 'ignore_ament_install']
[5.014s] Level 1:colcon.colcon_core.package_identification:_identify(log) by extension 'ignore'
[5.014s] Level 1:colcon.colcon_core.package_identification:_identify(log) ignored
[5.014s] Level 1:colcon.colcon_core.package_identification:_identify(src) by extensions ['ignore', 'ignore_ament_install']
[5.014s] Level 1:colcon.colcon_core.package_identification:_identify(src) by extension 'ignore'
[5.014s] Level 1:colcon.colcon_core.package_identification:_identify(src) by extension 'ignore_ament_install'
[5.015s] Level 1:colcon.colcon_core.package_identification:_identify(src) by extensions ['colcon_pkg']
[5.015s] Level 1:colcon.colcon_core.package_identification:_identify(src) by extension 'colcon_pkg'
[5.015s] Level 1:colcon.colcon_core.package_identification:_identify(src) by extensions ['colcon_meta']
[5.015s] Level 1:colcon.colcon_core.package_identification:_identify(src) by extension 'colcon_meta'
[5.015s] Level 1:colcon.colcon_core.package_identification:_identify(src) by extensions ['ros']
[5.015s] Level 1:colcon.colcon_core.package_identification:_identify(src) by extension 'ros'
[5.015s] Level 1:colcon.colcon_core.package_identification:_identify(src) by extensions ['cmake', 'python']
[5.015s] Level 1:colcon.colcon_core.package_identification:_identify(src) by extension 'cmake'
[5.015s] Level 1:colcon.colcon_core.package_identification:_identify(src) by extension 'python'
[5.015s] Level 1:colcon.colcon_core.package_identification:_identify(src) by extensions ['python_setup_py']
[5.016s] Level 1:colcon.colcon_core.package_identification:_identify(src) by extension 'python_setup_py'
[5.016s] Level 1:colcon.colcon_core.package_identification:_identify(src/robot_proximity) by extensions ['ignore', 'ignore_ament_install']
[5.016s] Level 1:colcon.colcon_core.package_identification:_identify(src/robot_proximity) by extension 'ignore'
[5.016s] Level 1:colcon.colcon_core.package_identification:_identify(src/robot_proximity) by extension 'ignore_ament_install'
[5.016s] Level 1:colcon.colcon_core.package_identification:_identify(src/robot_proximity) by extensions ['colcon_pkg']
[5.017s] Level 1:colcon.colcon_core.package_identification:_identify(src/robot_proximity) by extension 'colcon_pkg'
[5.017s] Level 1:colcon.colcon_core.package_identification:_identify(src/robot_proximity) by extensions ['colcon_meta']
[5.017s] Level 1:colcon.colcon_core.package_identification:_identify(src/robot_proximity) by extension 'colcon_meta'
[5.017s] Level 1:colcon.colcon_core.package_identification:_identify(src/robot_proximity) by extensions ['ros']
[5.017s] Level 1:colcon.colcon_core.package_identification:_identify(src/robot_proximity) by extension 'ros'
[5.028s] DEBUG:colcon.colcon_core.package_identification:Package 'src/robot_proximity' with type 'ros.ament_python' and name 'robot_proximity'
[5.029s] Level 1:colcon.colcon_core.package_discovery:discover_packages(recursive) using defaults
[5.029s] Level 1:colcon.colcon_core.package_discovery:discover_packages(ignore) discover
[5.029s] Level 1:colcon.colcon_core.package_discovery:discover_packages(ignore) using defaults
[5.029s] Level 1:colcon.colcon_core.package_discovery:discover_packages(path) discover
[5.029s] Level 1:colcon.colcon_core.package_discovery:discover_packages(path) using defaults
[5.151s] Level 1:colcon.colcon_core.package_discovery:discover_packages(prefix_path) check parameters
[5.152s] Level 1:colcon.colcon_core.package_discovery:discover_packages(prefix_path) discover
[5.169s] DEBUG:colcon.colcon_installed_package_information.package_discovery:Found 448 installed packages in /opt/ros/humble
[5.179s] Level 1:colcon.colcon_core.package_discovery:discover_packages(prefix_path) using defaults
[5.432s] Level 5:colcon.colcon_core.verb:set package 'robot_proximity' build argument 'cmake_args' from command line to 'None'
[5.432s] Level 5:colcon.colcon_core.verb:set package 'robot_proximity' build argument 'cmake_target' from command line to 'None'
[5.432s] Level 5:colcon.colcon_core.verb:set package 'robot_proximity' build argument 'cmake_target_skip_unavailable' from command line to 'False'
[5.432s] Level 5:colcon.colcon_core.verb:set package 'robot_proximity' build argument 'cmake_clean_cache' from command line to 'False'
[5.433s] Level 5:colcon.colcon_core.verb:set package 'robot_proximity' build argument 'cmake_clean_first' from command line to 'False'
[5.433s] Level 5:colcon.colcon_core.verb:set package 'robot_proximity' build argument 'cmake_force_configure' from command line to 'False'
[5.433s] Level 5:colcon.colcon_core.verb:set package 'robot_proximity' build argument 'ament_cmake_args' from command line to 'None'
[5.433s] Level 5:colcon.colcon_core.verb:set package 'robot_proximity' build argument 'catkin_cmake_args' from command line to 'None'
[5.433s] Level 5:colcon.colcon_core.verb:set package 'robot_proximity' build argument 'catkin_skip_building_tests' from command line to 'False'
[5.433s] DEBUG:colcon.colcon_core.verb:Building package 'robot_proximity' with the following arguments: {'ament_cmake_args': None, 'build_base': '/home/chandu/ros2_ws/src/ros2_ASSIGN_2_updated LATEST 10 ROBO/ros2_ASSIGN_2_updated LATEST 10 ROBO/build/robot_proximity', 'catkin_cmake_args': None, 'catkin_skip_building_tests': False, 'cmake_args': None, 'cmake_clean_cache': False, 'cmake_clean_first': False, 'cmake_force_configure': False, 'cmake_target': None, 'cmake_target_skip_unavailable': False, 'install_base': '/home/chandu/ros2_ws/src/ros2_ASSIGN_2_updated LATEST 10 ROBO/ros2_ASSIGN_2_updated LATEST 10 ROBO/install/robot_proximity', 'merge_install': False, 'path': '/home/chandu/ros2_ws/src/ros2_ASSIGN_2_updated LATEST 10 ROBO/ros2_ASSIGN_2_updated LATEST 10 ROBO/src/robot_proximity', 'symlink_install': False, 'test_result_base': None}
[5.434s] INFO:colcon.colcon_core.executor:Executing jobs using 'parallel' executor
[5.441s] DEBUG:colcon.colcon_parallel_executor.executor.parallel:run_until_complete
[5.442s] INFO:colcon.colcon_ros.task.ament_python.build:Building ROS package in '/home/chandu/ros2_ws/src/ros2_ASSIGN_2_updated LATEST 10 ROBO/ros2_ASSIGN_2_updated LATEST 10 ROBO/src/robot_proximity' with build type 'ament_python'
[5.443s] Level 1:colcon.colcon_core.shell:create_environment_hook('robot_proximity', 'ament_prefix_path')
[5.489s] INFO:colcon.colcon_core.plugin_system:Skipping extension 'colcon_core.shell.bat': Not used on non-Windows systems
[5.492s] INFO:colcon.colcon_core.shell:Creating environment hook '/home/chandu/ros2_ws/src/ros2_ASSIGN_2_updated LATEST 10 ROBO/ros2_ASSIGN_2_updated LATEST 10 ROBO/install/robot_proximity/share/robot_proximity/hook/ament_prefix_path.ps1'
[5.497s] INFO:colcon.colcon_core.shell:Creating environment descriptor '/home/chandu/ros2_ws/src/ros2_ASSIGN_2_updated LATEST 10 ROBO/ros2_ASSIGN_2_updated LATEST 10 ROBO/install/robot_proximity/share/robot_proximity/hook/ament_prefix_path.dsv'
[5.535s] INFO:colcon.colcon_core.shell:Creating environment hook '/home/chandu/ros2_ws/src/ros2_ASSIGN_2_updated LATEST 10 ROBO/ros2_ASSIGN_2_updated LATEST 10 ROBO/install/robot_proximity/share/robot_proximity/hook/ament_prefix_path.sh'
[5.546s] INFO:colcon.colcon_core.shell:Skip shell extension 'powershell' for command environment: Not usable outside of PowerShell
[5.546s] DEBUG:colcon.colcon_core.shell:Skip shell extension 'dsv' for command environment
[6.594s] INFO:colcon.colcon_core.task.python.build:Building Python package in '/home/chandu/ros2_ws/src/ros2_ASSIGN_2_updated LATEST 10 ROBO/ros2_ASSIGN_2_updated LATEST 10 ROBO/src/robot_proximity'
[6.595s] INFO:colcon.colcon_core.shell:Skip shell extension 'powershell' for command environment: Not usable outside of PowerShell
[6.595s] DEBUG:colcon.colcon_core.shell:Skip shell extension 'dsv' for command environment
[9.162s] DEBUG:colcon.colcon_core.event_handler.log_command:Invoking command in '/home/chandu/ros2_ws/src/ros2_ASSIGN_2_updated LATEST 10 ROBO/ros2_ASSIGN_2_updated LATEST 10 ROBO/src/robot_proximity': PYTHONPATH=/home/chandu/ros2_ws/src/ros2_ASSIGN_2_updated LATEST 10 ROBO/ros2_ASSIGN_2_updated LATEST 10 ROBO/build/robot_proximity/prefix_override:/usr/lib/python3/dist-packages/colcon_core/task/python/colcon_distutils_commands:/home/chandu/ros2_ws/src/ros2_ASSIGN_2_updated LATEST 10 ROBO/ros2_ASSIGN_2_updated LATEST 10 ROBO/install/robot_proximity/lib/python3.10/site-packages:${PYTHONPATH} /usr/bin/python3 -W ignore:setup.py install is deprecated -W ignore:easy_install command is deprecated setup.py egg_info --egg-base ../../build/robot_proximity build --build-base /home/chandu/ros2_ws/src/ros2_ASSIGN_2_updated LATEST 10 ROBO/ros2_ASSIGN_2_updated LATEST 10 ROBO/build/robot_proximity/build install --record /home/chandu/ros2_ws/src/ros2_ASSIGN_2_updated LATEST 10 ROBO/ros2_ASSIGN_2_updated LATEST 10 ROBO/build/robot_proximity/install.log --single-version-externally-managed install_data
[9.972s] DEBUG:colcon.colcon_core.event_handler.log_command:Invoked command in '/home/chandu/ros2_ws/src/ros2_ASSIGN_2_updated LATEST 10 ROBO/ros2_ASSIGN_2_updated LATEST 10 ROBO/src/robot_proximity' returned '0': PYTHONPATH=/home/chandu/ros2_ws/src/ros2_ASSIGN_2_updated LATEST 10 ROBO/ros2_ASSIGN_2_updated LATEST 10 ROBO/build/robot_proximity/prefix_override:/usr/lib/python3/dist-packages/colcon_core/task/python/colcon_distutils_commands:/home/chandu/ros2_ws/src/ros2_ASSIGN_2_updated LATEST 10 ROBO/ros2_ASSIGN_2_updated LATEST 10 ROBO/install/robot_proximity/lib/python3.10/site-packages:${PYTHONPATH} /usr/bin/python3 -W ignore:setup.py install is deprecated -W ignore:easy_install command is deprecated setup.py egg_info --egg-base ../../build/robot_proximity build --build-base /home/chandu/ros2_ws/src/ros2_ASSIGN_2_updated LATEST 10 ROBO/ros2_ASSIGN_2_updated LATEST 10 ROBO/build/robot_proximity/build install --record /home/chandu/ros2_ws/src/ros2_ASSIGN_2_updated LATEST 10 ROBO/ros2_ASSIGN_2_updated LATEST 10 ROBO/build/robot_proximity/install.log --single-version-externally-managed install_data
[10.008s] Level 1:colcon.colcon_core.environment:checking '/home/chandu/ros2_ws/src/ros2_ASSIGN_2_updated LATEST 10 ROBO/ros2_ASSIGN_2_updated LATEST 10 ROBO/install/robot_proximity' for CMake module files
[10.010s] Level 1:colcon.colcon_core.environment:checking '/home/chandu/ros2_ws/src/ros2_ASSIGN_2_updated LATEST 10 ROBO/ros2_ASSIGN_2_updated LATEST 10 ROBO/install/robot_proximity' for CMake config files
[10.011s] Level 1:colcon.colcon_core.environment:checking '/home/chandu/ros2_ws/src/ros2_ASSIGN_2_updated LATEST 10 ROBO/ros2_ASSIGN_2_updated LATEST 10 ROBO/install/robot_proximity/lib'
[10.012s] Level 1:colcon.colcon_core.environment:checking '/home/chandu/ros2_ws/src/ros2_ASSIGN_2_updated LATEST 10 ROBO/ros2_ASSIGN_2_updated LATEST 10 ROBO/install/robot_proximity/bin'
[10.012s] Level 1:colcon.colcon_core.environment:checking '/home/chandu/ros2_ws/src/ros2_ASSIGN_2_updated LATEST 10 ROBO/ros2_ASSIGN_2_updated LATEST 10 ROBO/install/robot_proximity/lib/pkgconfig/robot_proximity.pc'
[10.012s] Level 1:colcon.colcon_core.environment:checking '/home/chandu/ros2_ws/src/ros2_ASSIGN_2_updated LATEST 10 ROBO/ros2_ASSIGN_2_updated LATEST 10 ROBO/install/robot_proximity/lib/python3.10/site-packages'
[10.013s] Level 1:colcon.colcon_core.shell:create_environment_hook('robot_proximity', 'pythonpath')
[10.013s] INFO:colcon.colcon_core.shell:Creating environment hook '/home/chandu/ros2_ws/src/ros2_ASSIGN_2_updated LATEST 10 ROBO/ros2_ASSIGN_2_updated LATEST 10 ROBO/install/robot_proximity/share/robot_proximity/hook/pythonpath.ps1'
[10.014s] INFO:colcon.colcon_core.shell:Creating environment descriptor '/home/chandu/ros2_ws/src/ros2_ASSIGN_2_updated LATEST 10 ROBO/ros2_ASSIGN_2_updated LATEST 10 ROBO/install/robot_proximity/share/robot_proximity/hook/pythonpath.dsv'
[10.015s] INFO:colcon.colcon_core.shell:Creating environment hook '/home/chandu/ros2_ws/src/ros2_ASSIGN_2_updated LATEST 10 ROBO/ros2_ASSIGN_2_updated LATEST 10 ROBO/install/robot_proximity/share/robot_proximity/hook/pythonpath.sh'
[10.017s] Level 1:colcon.colcon_core.environment:checking '/home/chandu/ros2_ws/src/ros2_ASSIGN_2_updated LATEST 10 ROBO/ros2_ASSIGN_2_updated LATEST 10 ROBO/install/robot_proximity/bin'
[10.017s] Level 1:colcon.colcon_core.environment:create_environment_scripts_only(robot_proximity)
[10.018s] INFO:colcon.colcon_core.shell:Creating package script '/home/chandu/ros2_ws/src/ros2_ASSIGN_2_updated LATEST 10 ROBO/ros2_ASSIGN_2_updated LATEST 10 ROBO/install/robot_proximity/share/robot_proximity/package.ps1'
[10.022s] INFO:colcon.colcon_core.shell:Creating package descriptor '/home/chandu/ros2_ws/src/ros2_ASSIGN_2_updated LATEST 10 ROBO/ros2_ASSIGN_2_updated LATEST 10 ROBO/install/robot_proximity/share/robot_proximity/package.dsv'
[10.025s] INFO:colcon.colcon_core.shell:Creating package script '/home/chandu/ros2_ws/src/ros2_ASSIGN_2_updated LATEST 10 ROBO/ros2_ASSIGN_2_updated LATEST 10 ROBO/install/robot_proximity/share/robot_proximity/package.sh'
[10.028s] INFO:colcon.colcon_core.shell:Creating package script '/home/chandu/ros2_ws/src/ros2_ASSIGN_2_updated LATEST 10 ROBO/ros2_ASSIGN_2_updated LATEST 10 ROBO/install/robot_proximity/share/robot_proximity/package.bash'
[10.033s] INFO:colcon.colcon_core.shell:Creating package script '/home/chandu/ros2_ws/src/ros2_ASSIGN_2_updated LATEST 10 ROBO/ros2_ASSIGN_2_updated LATEST 10 ROBO/install/robot_proximity/share/robot_proximity/package.zsh'
[10.036s] Level 1:colcon.colcon_core.environment:create_file_with_runtime_dependencies(/home/chandu/ros2_ws/src/ros2_ASSIGN_2_updated LATEST 10 ROBO/ros2_ASSIGN_2_updated LATEST 10 ROBO/install/robot_proximity/share/colcon-core/packages/robot_proximity)
[10.037s] DEBUG:colcon.colcon_parallel_executor.executor.parallel:closing loop
[10.038s] DEBUG:colcon.colcon_parallel_executor.executor.parallel:loop closed
[10.039s] DEBUG:colcon.colcon_parallel_executor.executor.parallel:run_until_complete finished with '0'
[10.039s] DEBUG:colcon.colcon_core.event_reactor:joining thread
[10.220s] INFO:colcon.colcon_core.plugin_system:Skipping extension 'colcon_notification.desktop_notification.notify_send': Could not find 'notify-send'
[10.220s] INFO:colcon.colcon_core.plugin_system:Skipping extension 'colcon_notification.desktop_notification.terminal_notifier': Not used on non-Darwin systems
[10.220s] INFO:colcon.colcon_core.plugin_system:Skipping extension 'colcon_notification.desktop_notification.win32': Not used on non-Windows systems
[10.221s] INFO:colcon.colcon_notification.desktop_notification:Sending desktop notification using 'notify2'
[10.221s] DEBUG:colcon.colcon_notification.desktop_notification.notify2:Failed to initialize notify2: org.freedesktop.DBus.Error.FileNotFound: Failed to connect to socket /run/user/1000/bus: No such file or directory
[10.222s] DEBUG:colcon.colcon_core.event_reactor:joined thread
[10.223s] INFO:colcon.colcon_core.shell:Creating prefix script '/home/chandu/ros2_ws/src/ros2_ASSIGN_2_updated LATEST 10 ROBO/ros2_ASSIGN_2_updated LATEST 10 ROBO/install/local_setup.ps1'
[10.229s] INFO:colcon.colcon_core.shell:Creating prefix util module '/home/chandu/ros2_ws/src/ros2_ASSIGN_2_updated LATEST 10 ROBO/ros2_ASSIGN_2_updated LATEST 10 ROBO/install/_local_setup_util_ps1.py'
[10.236s] INFO:colcon.colcon_core.shell:Creating prefix chain script '/home/chandu/ros2_ws/src/ros2_ASSIGN_2_updated LATEST 10 ROBO/ros2_ASSIGN_2_updated LATEST 10 ROBO/install/setup.ps1'
[10.242s] INFO:colcon.colcon_core.shell:Creating prefix script '/home/chandu/ros2_ws/src/ros2_ASSIGN_2_updated LATEST 10 ROBO/ros2_ASSIGN_2_updated LATEST 10 ROBO/install/local_setup.sh'
[10.247s] INFO:colcon.colcon_core.shell:Creating prefix util module '/home/chandu/ros2_ws/src/ros2_ASSIGN_2_updated LATEST 10 ROBO/ros2_ASSIGN_2_updated LATEST 10 ROBO/install/_local_setup_util_sh.py'
[10.249s] INFO:colcon.colcon_core.shell:Creating prefix chain script '/home/chandu/ros2_ws/src/ros2_ASSIGN_2_updated LATEST 10 ROBO/ros2_ASSIGN_2_updated LATEST 10 ROBO/install/setup.sh'
[10.254s] INFO:colcon.colcon_core.shell:Creating prefix script '/home/chandu/ros2_ws/src/ros2_ASSIGN_2_updated LATEST 10 ROBO/ros2_ASSIGN_2_updated LATEST 10 ROBO/install/local_setup.bash'
[10.257s] INFO:colcon.colcon_core.shell:Creating prefix chain script '/home/chandu/ros2_ws/src/ros2_ASSIGN_2_updated LATEST 10 ROBO/ros2_ASSIGN_2_updated LATEST 10 ROBO/install/setup.bash'
[10.262s] INFO:colcon.colcon_core.shell:Creating prefix script '/home/chandu/ros2_ws/src/ros2_ASSIGN_2_updated LATEST 10 ROBO/ros2_ASSIGN_2_updated LATEST 10 ROBO/install/local_setup.zsh'
[10.266s] INFO:colcon.colcon_core.shell:Creating prefix chain script '/home/chandu/ros2_ws/src/ros2_ASSIGN_2_updated LATEST 10 ROBO/ros2_ASSIGN_2_updated LATEST 10 ROBO/install/setup.zsh'
