[0.511s] Invoking command in '/home/jatin/ros2_ASSIGN_2_updated/src/robot_proximity': PYTHONPATH=/home/jatin/ros2_ASSIGN_2_updated/build/robot_proximity/prefix_override:/usr/lib/python3/dist-packages/colcon_core/task/python/colcon_distutils_commands:/home/jatin/ros2_ASSIGN_2_updated/install/robot_proximity/lib/python3.10/site-packages: /usr/bin/python3 -W ignore:setup.py install is deprecated -W ignore:easy_install command is deprecated setup.py egg_info --egg-base ../../build/robot_proximity build --build-base /home/jatin/ros2_ASSIGN_2_updated/build/robot_proximity/build install --record /home/jatin/ros2_ASSIGN_2_updated/build/robot_proximity/install.log --single-version-externally-managed install_data
[0.658s] running egg_info
[0.669s] writing ../../build/robot_proximity/robot_proximity.egg-info/PKG-INFO
[0.690s] writing dependency_links to ../../build/robot_proximity/robot_proximity.egg-info/dependency_links.txt
[0.690s] writing entry points to ../../build/robot_proximity/robot_proximity.egg-info/entry_points.txt
[0.691s] writing requirements to ../../build/robot_proximity/robot_proximity.egg-info/requires.txt
[0.691s] writing top-level names to ../../build/robot_proximity/robot_proximity.egg-info/top_level.txt
[0.694s] reading manifest file '../../build/robot_proximity/robot_proximity.egg-info/SOURCES.txt'
[0.695s] writing manifest file '../../build/robot_proximity/robot_proximity.egg-info/SOURCES.txt'
[0.696s] running build
[0.696s] running build_py
[0.696s] copying robot_proximity/interactive_runner.py -> /home/jatin/ros2_ASSIGN_2_updated/build/robot_proximity/build/lib/robot_proximity
[0.701s] copying robot_proximity/robot_node.py -> /home/jatin/ros2_ASSIGN_2_updated/build/robot_proximity/build/lib/robot_proximity
[0.701s] running install
[0.702s] running install_lib
[0.703s] copying /home/jatin/ros2_ASSIGN_2_updated/build/robot_proximity/build/lib/robot_proximity/interactive_runner.py -> /home/jatin/ros2_ASSIGN_2_updated/install/robot_proximity/lib/python3.10/site-packages/robot_proximity
[0.704s] copying /home/jatin/ros2_ASSIGN_2_updated/build/robot_proximity/build/lib/robot_proximity/robot_node.py -> /home/jatin/ros2_ASSIGN_2_updated/install/robot_proximity/lib/python3.10/site-packages/robot_proximity
[0.705s] byte-compiling /home/jatin/ros2_ASSIGN_2_updated/install/robot_proximity/lib/python3.10/site-packages/robot_proximity/interactive_runner.py to interactive_runner.cpython-310.pyc
[0.711s] byte-compiling /home/jatin/ros2_ASSIGN_2_updated/install/robot_proximity/lib/python3.10/site-packages/robot_proximity/robot_node.py to robot_node.cpython-310.pyc
[0.713s] running install_data
[0.714s] copying config/simulation.rviz -> /home/jatin/ros2_ASSIGN_2_updated/install/robot_proximity/share/robot_proximity/config
[0.714s] running install_egg_info
[0.717s] removing '/home/jatin/ros2_ASSIGN_2_updated/install/robot_proximity/lib/python3.10/site-packages/robot_proximity-0.0.0-py3.10.egg-info' (and everything under it)
[0.717s] Copying ../../build/robot_proximity/robot_proximity.egg-info to /home/jatin/ros2_ASSIGN_2_updated/install/robot_proximity/lib/python3.10/site-packages/robot_proximity-0.0.0-py3.10.egg-info
[0.720s] running install_scripts
[0.748s] Installing graph_visualizer script to /home/jatin/ros2_ASSIGN_2_updated/install/robot_proximity/lib/robot_proximity
[0.748s] Installing interactive_runner script to /home/jatin/ros2_ASSIGN_2_updated/install/robot_proximity/lib/robot_proximity
[0.748s] Installing proximity_monitor script to /home/jatin/ros2_ASSIGN_2_updated/install/robot_proximity/lib/robot_proximity
[0.748s] Installing robot_node script to /home/jatin/ros2_ASSIGN_2_updated/install/robot_proximity/lib/robot_proximity
[0.749s] writing list of installed files to '/home/jatin/ros2_ASSIGN_2_updated/build/robot_proximity/install.log'
[0.784s] Invoked command in '/home/jatin/ros2_ASSIGN_2_updated/src/robot_proximity' returned '0': PYTHONPATH=/home/jatin/ros2_ASSIGN_2_updated/build/robot_proximity/prefix_override:/usr/lib/python3/dist-packages/colcon_core/task/python/colcon_distutils_commands:/home/jatin/ros2_ASSIGN_2_updated/install/robot_proximity/lib/python3.10/site-packages: /usr/bin/python3 -W ignore:setup.py install is deprecated -W ignore:easy_install command is deprecated setup.py egg_info --egg-base ../../build/robot_proximity build --build-base /home/jatin/ros2_ASSIGN_2_updated/build/robot_proximity/build install --record /home/jatin/ros2_ASSIGN_2_updated/build/robot_proximity/install.log --single-version-externally-managed install_data
