[0.914s] Invoking command in '/home/jatin/ros2_ASSIGN_2_updated/src/robot_proximity': PYTHONPATH=/home/jatin/ros2_ASSIGN_2_updated/build/robot_proximity/prefix_override:/usr/lib/python3/dist-packages/colcon_core/task/python/colcon_distutils_commands:/home/jatin/ros2_ASSIGN_2_updated/install/robot_proximity/lib/python3.10/site-packages: /usr/bin/python3 -W ignore:setup.py install is deprecated -W ignore:easy_install command is deprecated setup.py egg_info --egg-base ../../build/robot_proximity build --build-base /home/jatin/ros2_ASSIGN_2_updated/build/robot_proximity/build install --record /home/jatin/ros2_ASSIGN_2_updated/build/robot_proximity/install.log --single-version-externally-managed install_data
[1.139s] running egg_info
[1.139s] writing ../../build/robot_proximity/robot_proximity.egg-info/PKG-INFO
[1.141s] writing dependency_links to ../../build/robot_proximity/robot_proximity.egg-info/dependency_links.txt
[1.141s] writing entry points to ../../build/robot_proximity/robot_proximity.egg-info/entry_points.txt
[1.142s] writing requirements to ../../build/robot_proximity/robot_proximity.egg-info/requires.txt
[1.142s] writing top-level names to ../../build/robot_proximity/robot_proximity.egg-info/top_level.txt
[1.144s] reading manifest file '../../build/robot_proximity/robot_proximity.egg-info/SOURCES.txt'
[1.146s] writing manifest file '../../build/robot_proximity/robot_proximity.egg-info/SOURCES.txt'
[1.147s] running build
[1.147s] running build_py
[1.147s] copying robot_proximity/interactive_runner.py -> /home/jatin/ros2_ASSIGN_2_updated/build/robot_proximity/build/lib/robot_proximity
[1.149s] running install
[1.150s] running install_lib
[1.151s] copying /home/jatin/ros2_ASSIGN_2_updated/build/robot_proximity/build/lib/robot_proximity/interactive_runner.py -> /home/jatin/ros2_ASSIGN_2_updated/install/robot_proximity/lib/python3.10/site-packages/robot_proximity
[1.153s] byte-compiling /home/jatin/ros2_ASSIGN_2_updated/install/robot_proximity/lib/python3.10/site-packages/robot_proximity/interactive_runner.py to interactive_runner.cpython-310.pyc
[1.154s] running install_data
[1.156s] running install_egg_info
[1.157s] removing '/home/jatin/ros2_ASSIGN_2_updated/install/robot_proximity/lib/python3.10/site-packages/robot_proximity-0.0.0-py3.10.egg-info' (and everything under it)
[1.159s] Copying ../../build/robot_proximity/robot_proximity.egg-info to /home/jatin/ros2_ASSIGN_2_updated/install/robot_proximity/lib/python3.10/site-packages/robot_proximity-0.0.0-py3.10.egg-info
[1.161s] running install_scripts
[1.184s] Installing graph_visualizer script to /home/jatin/ros2_ASSIGN_2_updated/install/robot_proximity/lib/robot_proximity
[1.185s] Installing interactive_runner script to /home/jatin/ros2_ASSIGN_2_updated/install/robot_proximity/lib/robot_proximity
[1.185s] Installing proximity_monitor script to /home/jatin/ros2_ASSIGN_2_updated/install/robot_proximity/lib/robot_proximity
[1.185s] Installing robot_node script to /home/jatin/ros2_ASSIGN_2_updated/install/robot_proximity/lib/robot_proximity
[1.186s] writing list of installed files to '/home/jatin/ros2_ASSIGN_2_updated/build/robot_proximity/install.log'
[1.216s] Invoked command in '/home/jatin/ros2_ASSIGN_2_updated/src/robot_proximity' returned '0': PYTHONPATH=/home/jatin/ros2_ASSIGN_2_updated/build/robot_proximity/prefix_override:/usr/lib/python3/dist-packages/colcon_core/task/python/colcon_distutils_commands:/home/jatin/ros2_ASSIGN_2_updated/install/robot_proximity/lib/python3.10/site-packages: /usr/bin/python3 -W ignore:setup.py install is deprecated -W ignore:easy_install command is deprecated setup.py egg_info --egg-base ../../build/robot_proximity build --build-base /home/jatin/ros2_ASSIGN_2_updated/build/robot_proximity/build install --record /home/jatin/ros2_ASSIGN_2_updated/build/robot_proximity/install.log --single-version-externally-managed install_data
