[0.000000] (-) TimerEvent: {}
[0.000188] (robot_proximity) JobQueued: {'identifier': 'robot_proximity', 'dependencies': OrderedDict()}
[0.001867] (robot_proximity) JobStarted: {'identifier': 'robot_proximity'}
[0.099503] (-) TimerEvent: {}
[0.199938] (-) TimerEvent: {}
[0.300317] (-) TimerEvent: {}
[0.400782] (-) TimerEvent: {}
[0.501221] (-) TimerEvent: {}
[0.601528] (-) TimerEvent: {}
[0.701864] (-) TimerEvent: {}
[0.707485] (robot_proximity) Command: {'cmd': ['/usr/bin/python3', '-W', 'ignore:setup.py install is deprecated', '-W', 'ignore:easy_install command is deprecated', 'setup.py', 'egg_info', '--egg-base', '../../build/robot_proximity', 'build', '--build-base', '/home/jatin/ros2_ASSIGN_2_updated/build/robot_proximity/build', 'install', '--record', '/home/jatin/ros2_ASSIGN_2_updated/build/robot_proximity/install.log', '--single-version-externally-managed', 'install_data'], 'cwd': '/home/jatin/ros2_ASSIGN_2_updated/src/robot_proximity', 'env': {'USER': 'jatin', 'SHLVL': '0', 'HOME': '/home/jatin', 'OLDPWD': '/home/jatin/ros2_ASSIGN_2_updated', 'DBUS_SESSION_BUS_ADDRESS': 'unix:path=/run/user/1000/bus', 'WSL_DISTRO_NAME': 'Ubuntu-22.04', 'WAYLAND_DISPLAY': 'wayland-0', 'LOGNAME': 'jatin', 'NAME': 'DESKTOP-688DK3O', 'WSL_INTEROP': '/run/WSL/4845_interop', 'PULSE_SERVER': 'unix:/mnt/wslg/PulseServer', '_': '/usr/bin/colcon', 'TERM': 'xterm-256color', 'PATH': '/usr/local/sbin:/usr/local/bin:/usr/sbin:/usr/bin:/sbin:/bin:/usr/games:/usr/local/games:/usr/lib/wsl/lib:/mnt/c/Program Files/WindowsApps/MicrosoftCorporationII.WindowsSubsystemForLinux_2.6.3.0_x64__8wekyb3d8bbwe:/mnt/c/WINDOWS/system32:/mnt/c/WINDOWS:/mnt/c/WINDOWS/System32/Wbem:/mnt/c/WINDOWS/System32/WindowsPowerShell/v1.0/:/mnt/c/WINDOWS/System32/OpenSSH/:/mnt/c/MinGW/bin:/mnt/c/Program Files/Java/jdk-22/bin:/mnt/c/Program Files/MongoDB/Server/7.0/bin:/mnt/c/Program Files/nodejs:/mnt/c/Program Files/WireGuard/:/mnt/c/ProgramData/chocolatey/bin:/mnt/c/Program Files/Git/cmd:/mnt/c/Program Files/CMake/bin:/mnt/c/Users/HP/Downloads/ros2-humble-20250721-windows-release-amd64/ros2-windows/Scripts:/mnt/c/Users/HP/AppData/Local/Programs/Python/Python310/Scripts/:/mnt/c/Users/HP/AppData/Local/Programs/Python/Python310/:/mnt/c/Users/HP/AppData/Local/Programs/Python/Python313/Scripts/:/mnt/c/Users/HP/AppData/Local/Programs/Python/Python313/:/mnt/c/Users/HP/AppData/Local/Programs/Python/Launcher/:/mnt/c/Users/HP/AppData/Local/Microsoft/WindowsApps:/mnt/c/Users/HP/AppData/Local/Programs/Microsoft VS Code/bin:/mnt/c/Users/HP/AppData/Roaming/npm:/mnt/c/Users/HP/Downloads/ros2-humble-20250721-windows-release-amd64/ros2-windows/Scripts:/mnt/c/Users/HP/AppData/Local/Programs/Antigravity/bin', 'XDG_RUNTIME_DIR': '/run/user/1000/', 'DISPLAY': ':0', 'LANG': 'en_US.UTF-8', 'SHELL': '/bin/bash', 'PWD': '/home/jatin/ros2_ASSIGN_2_updated/build/robot_proximity', 'COLCON': '1', 'WSL2_GUI_APPS_ENABLED': '1', 'HOSTTYPE': 'x86_64', 'WSLENV': 'ELECTRON_RUN_AS_NODE/w:', 'PYTHONPATH': '/home/jatin/ros2_ASSIGN_2_updated/build/robot_proximity/prefix_override:/usr/lib/python3/dist-packages/colcon_core/task/python/colcon_distutils_commands:/home/jatin/ros2_ASSIGN_2_updated/install/robot_proximity/lib/python3.10/site-packages:'}, 'shell': False}
[0.802069] (-) TimerEvent: {}
[0.873321] (robot_proximity) StdoutLine: {'line': b'running egg_info\n'}
[0.874157] (robot_proximity) StdoutLine: {'line': b'writing ../../build/robot_proximity/robot_proximity.egg-info/PKG-INFO\n'}
[0.874574] (robot_proximity) StdoutLine: {'line': b'writing dependency_links to ../../build/robot_proximity/robot_proximity.egg-info/dependency_links.txt\n'}
[0.874863] (robot_proximity) StdoutLine: {'line': b'writing entry points to ../../build/robot_proximity/robot_proximity.egg-info/entry_points.txt\n'}
[0.875182] (robot_proximity) StdoutLine: {'line': b'writing requirements to ../../build/robot_proximity/robot_proximity.egg-info/requires.txt\n'}
[0.875498] (robot_proximity) StdoutLine: {'line': b'writing top-level names to ../../build/robot_proximity/robot_proximity.egg-info/top_level.txt\n'}
[0.877490] (robot_proximity) StdoutLine: {'line': b"reading manifest file '../../build/robot_proximity/robot_proximity.egg-info/SOURCES.txt'\n"}
[0.877921] (robot_proximity) StdoutLine: {'line': b"writing manifest file '../../build/robot_proximity/robot_proximity.egg-info/SOURCES.txt'\n"}
[0.882531] (robot_proximity) StdoutLine: {'line': b'running build\n'}
[0.882871] (robot_proximity) StdoutLine: {'line': b'running build_py\n'}
[0.882929] (robot_proximity) StdoutLine: {'line': b'copying robot_proximity/robot_node.py -> /home/jatin/ros2_ASSIGN_2_updated/build/robot_proximity/build/lib/robot_proximity\n'}
[0.883394] (robot_proximity) StdoutLine: {'line': b'running install\n'}
[0.883853] (robot_proximity) StdoutLine: {'line': b'running install_lib\n'}
[0.884539] (robot_proximity) StdoutLine: {'line': b'copying /home/jatin/ros2_ASSIGN_2_updated/build/robot_proximity/build/lib/robot_proximity/robot_node.py -> /home/jatin/ros2_ASSIGN_2_updated/install/robot_proximity/lib/python3.10/site-packages/robot_proximity\n'}
[0.885644] (robot_proximity) StdoutLine: {'line': b'byte-compiling /home/jatin/ros2_ASSIGN_2_updated/install/robot_proximity/lib/python3.10/site-packages/robot_proximity/robot_node.py to robot_node.cpython-310.pyc\n'}
[0.887903] (robot_proximity) StdoutLine: {'line': b'running install_data\n'}
[0.888812] (robot_proximity) StdoutLine: {'line': b'running install_egg_info\n'}
[0.890338] (robot_proximity) StdoutLine: {'line': b"removing '/home/jatin/ros2_ASSIGN_2_updated/install/robot_proximity/lib/python3.10/site-packages/robot_proximity-0.0.0-py3.10.egg-info' (and everything under it)\n"}
[0.891926] (robot_proximity) StdoutLine: {'line': b'Copying ../../build/robot_proximity/robot_proximity.egg-info to /home/jatin/ros2_ASSIGN_2_updated/install/robot_proximity/lib/python3.10/site-packages/robot_proximity-0.0.0-py3.10.egg-info\n'}
[0.894027] (robot_proximity) StdoutLine: {'line': b'running install_scripts\n'}
[0.902275] (-) TimerEvent: {}
[0.912023] (robot_proximity) StdoutLine: {'line': b'Installing graph_visualizer script to /home/jatin/ros2_ASSIGN_2_updated/install/robot_proximity/lib/robot_proximity\n'}
[0.912396] (robot_proximity) StdoutLine: {'line': b'Installing interactive_runner script to /home/jatin/ros2_ASSIGN_2_updated/install/robot_proximity/lib/robot_proximity\n'}
[0.912474] (robot_proximity) StdoutLine: {'line': b'Installing proximity_monitor script to /home/jatin/ros2_ASSIGN_2_updated/install/robot_proximity/lib/robot_proximity\n'}
[0.912669] (robot_proximity) StdoutLine: {'line': b'Installing robot_node script to /home/jatin/ros2_ASSIGN_2_updated/install/robot_proximity/lib/robot_proximity\n'}
[0.912982] (robot_proximity) StdoutLine: {'line': b"writing list of installed files to '/home/jatin/ros2_ASSIGN_2_updated/build/robot_proximity/install.log'\n"}
[0.941914] (robot_proximity) CommandEnded: {'returncode': 0}
[0.958176] (robot_proximity) JobEnded: {'identifier': 'robot_proximity', 'rc': 0}
[0.960719] (-) EventReactorShutdown: {}
