[5.694s] Invoking command in '/home/chandu/ros2_ws/src/ros2_ASSIGN_2_updated LATEST 10 ROBO/ros2_ASSIGN_2_updated LATEST 10 ROBO/src/robot_proximity': PYTHONPATH=/home/chandu/ros2_ws/src/ros2_ASSIGN_2_updated LATEST 10 ROBO/ros2_ASSIGN_2_updated LATEST 10 ROBO/build/robot_proximity/prefix_override:/usr/lib/python3/dist-packages/colcon_core/task/python/colcon_distutils_commands:/home/chandu/ros2_ws/src/ros2_ASSIGN_2_updated LATEST 10 ROBO/ros2_ASSIGN_2_updated LATEST 10 ROBO/install/robot_proximity/lib/python3.10/site-packages:${PYTHONPATH} /usr/bin/python3 -W ignore:setup.py install is deprecated -W ignore:easy_install command is deprecated setup.py egg_info --egg-base ../../build/robot_proximity build --build-base /home/chandu/ros2_ws/src/ros2_ASSIGN_2_updated LATEST 10 ROBO/ros2_ASSIGN_2_updated LATEST 10 ROBO/build/robot_proximity/build install --record /home/chandu/ros2_ws/src/ros2_ASSIGN_2_updated LATEST 10 ROBO/ros2_ASSIGN_2_updated LATEST 10 ROBO/build/robot_proximity/install.log --single-version-externally-managed install_data
[6.509s] running egg_info
[6.510s] writing ../../build/robot_proximity/robot_proximity.egg-info/PKG-INFO
[6.512s] writing dependency_links to ../../build/robot_proximity/robot_proximity.egg-info/dependency_links.txt
[6.513s] writing entry points to ../../build/robot_proximity/robot_proximity.egg-info/entry_points.txt
[6.514s] writing requirements to ../../build/robot_proximity/robot_proximity.egg-info/requires.txt
[6.514s] writing top-level names to ../../build/robot_proximity/robot_proximity.egg-info/top_level.txt
[6.518s] reading manifest file '../../build/robot_proximity/robot_proximity.egg-info/SOURCES.txt'
[6.522s] writing manifest file '../../build/robot_proximity/robot_proximity.egg-info/SOURCES.txt'
[6.523s] running build
[6.523s] running build_py
[6.525s] running install
[6.525s] running install_lib
[6.530s] running install_data
[6.534s] running install_egg_info
[6.540s] removing '/home/chandu/ros2_ws/src/ros2_ASSIGN_2_updated LATEST 10 ROBO/ros2_ASSIGN_2_updated LATEST 10 ROBO/install/robot_proximity/lib/python3.10/site-packages/robot_proximity-0.0.0-py3.10.egg-info' (and everything under it)
[6.541s] Copying ../../build/robot_proximity/robot_proximity.egg-info to /home/chandu/ros2_ws/src/ros2_ASSIGN_2_updated LATEST 10 ROBO/ros2_ASSIGN_2_updated LATEST 10 ROBO/install/robot_proximity/lib/python3.10/site-packages/robot_proximity-0.0.0-py3.10.egg-info
[6.555s] running install_scripts
[6.611s] Installing graph_visualizer script to /home/chandu/ros2_ws/src/ros2_ASSIGN_2_updated LATEST 10 ROBO/ros2_ASSIGN_2_updated LATEST 10 ROBO/install/robot_proximity/lib/robot_proximity
[6.611s] Installing interactive_runner script to /home/chandu/ros2_ws/src/ros2_ASSIGN_2_updated LATEST 10 ROBO/ros2_ASSIGN_2_updated LATEST 10 ROBO/install/robot_proximity/lib/robot_proximity
[6.612s] Installing proximity_monitor script to /home/chandu/ros2_ws/src/ros2_ASSIGN_2_updated LATEST 10 ROBO/ros2_ASSIGN_2_updated LATEST 10 ROBO/install/robot_proximity/lib/robot_proximity
[6.613s] Installing robot_node script to /home/chandu/ros2_ws/src/ros2_ASSIGN_2_updated LATEST 10 ROBO/ros2_ASSIGN_2_updated LATEST 10 ROBO/install/robot_proximity/lib/robot_proximity
[6.613s] writing list of installed files to '/home/chandu/ros2_ws/src/ros2_ASSIGN_2_updated LATEST 10 ROBO/ros2_ASSIGN_2_updated LATEST 10 ROBO/build/robot_proximity/install.log'
[6.700s] Invoked command in '/home/chandu/ros2_ws/src/ros2_ASSIGN_2_updated LATEST 10 ROBO/ros2_ASSIGN_2_updated LATEST 10 ROBO/src/robot_proximity' returned '0': PYTHONPATH=/home/chandu/ros2_ws/src/ros2_ASSIGN_2_updated LATEST 10 ROBO/ros2_ASSIGN_2_updated LATEST 10 ROBO/build/robot_proximity/prefix_override:/usr/lib/python3/dist-packages/colcon_core/task/python/colcon_distutils_commands:/home/chandu/ros2_ws/src/ros2_ASSIGN_2_updated LATEST 10 ROBO/ros2_ASSIGN_2_updated LATEST 10 ROBO/install/robot_proximity/lib/python3.10/site-packages:${PYTHONPATH} /usr/bin/python3 -W ignore:setup.py install is deprecated -W ignore:easy_install command is deprecated setup.py egg_info --egg-base ../../build/robot_proximity build --build-base /home/chandu/ros2_ws/src/ros2_ASSIGN_2_updated LATEST 10 ROBO/ros2_ASSIGN_2_updated LATEST 10 ROBO/build/robot_proximity/build install --record /home/chandu/ros2_ws/src/ros2_ASSIGN_2_updated LATEST 10 ROBO/ros2_ASSIGN_2_updated LATEST 10 ROBO/build/robot_proximity/install.log --single-version-externally-managed install_data
