running egg_info
writing ../../build/robot_proximity/robot_proximity.egg-info/PKG-INFO
writing dependency_links to ../../build/robot_proximity/robot_proximity.egg-info/dependency_links.txt
writing entry points to ../../build/robot_proximity/robot_proximity.egg-info/entry_points.txt
writing requirements to ../../build/robot_proximity/robot_proximity.egg-info/requires.txt
writing top-level names to ../../build/robot_proximity/robot_proximity.egg-info/top_level.txt
reading manifest file '../../build/robot_proximity/robot_proximity.egg-info/SOURCES.txt'
writing manifest file '../../build/robot_proximity/robot_proximity.egg-info/SOURCES.txt'
running build
running build_py
running install
running install_lib
running install_data
running install_egg_info
removing '/home/jatin/ros2_ASSIGN_2_updated/install/robot_proximity/lib/python3.10/site-packages/robot_proximity-0.0.0-py3.10.egg-info' (and everything under it)
Copying ../../build/robot_proximity/robot_proximity.egg-info to /home/jatin/ros2_ASSIGN_2_updated/install/robot_proximity/lib/python3.10/site-packages/robot_proximity-0.0.0-py3.10.egg-info
running install_scripts
Installing graph_visualizer script to /home/jatin/ros2_ASSIGN_2_updated/install/robot_proximity/lib/robot_proximity
Installing proximity_monitor script to /home/jatin/ros2_ASSIGN_2_updated/install/robot_proximity/lib/robot_proximity
Installing robot_node script to /home/jatin/ros2_ASSIGN_2_updated/install/robot_proximity/lib/robot_proximity
writing list of installed files to '/home/jatin/ros2_ASSIGN_2_updated/build/robot_proximity/install.log'
