[0.000000] (-) TimerEvent: {}
[0.003586] (robot_proximity) JobQueued: {'identifier': 'robot_proximity', 'dependencies': OrderedDict()}
[0.003730] (robot_proximity) JobStarted: {'identifier': 'robot_proximity'}
[0.099764] (-) TimerEvent: {}
[0.200219] (-) TimerEvent: {}
[0.300512] (-) TimerEvent: {}
[0.400887] (-) TimerEvent: {}
[0.501273] (-) TimerEvent: {}
[0.601667] (-) TimerEvent: {}
[0.702079] (-) TimerEvent: {}
[0.802432] (-) TimerEvent: {}
[0.856386] (robot_proximity) Command: {'cmd': ['/usr/bin/python3', '-W', 'ignore:setup.py install is deprecated', '-W', 'ignore:easy_install command is deprecated', 'setup.py', 'egg_info', '--egg-base', '../../build/robot_proximity', 'build', '--build-base', '/home/jatin/ros2_ASSIGN_2_updated/build/robot_proximity/build', 'install', '--record', '/home/jatin/ros2_ASSIGN_2_updated/build/robot_proximity/install.log', '--single-version-externally-managed', 'install_data'], 'cwd': '/home/jatin/ros2_ASSIGN_2_updated/src/robot_proximity', 'env': {'USER': 'jatin', 'SHLVL': '0', 'HOME': '/home/jatin', 'OLDPWD': '/home/jatin/ros2_ASSIGN_2_updated', 'DBUS_SESSION_BUS_ADDRESS': 'unix:path=/run/user/1000/bus', 'WSL_DISTRO_NAME': 'Ubuntu-22.04', 'WAYLAND_DISPLAY': 'wayland-0', 'LOGNAME': 'jatin', 'NAME': 'DESKTOP-688DK3O', 'WSL_INTEROP': '/run/WSL/3623_interop', 'PULSE_SERVER': 'unix:/mnt/wslg/PulseServer', '_': '/usr/bin/colcon', 'TERM': 'xterm-256color', 'PATH': '/usr/local/sbin:/usr/local/bin:/usr/sbin:/usr/bin:/sbin:/bin:/usr/games:/usr/local/games:/usr/lib/wsl/lib:/mnt/c/Program Files/WindowsApps/MicrosoftCorporationII.WindowsSubsystemForLinux_2.6.3.0_x64__8wekyb3d8bbwe:/mnt/c/WINDOWS/system32:/mnt/c/WINDOWS:/mnt/c/WINDOWS/System32/Wbem:/mnt/c/WINDOWS/System32/WindowsPowerShell/v1.0/:/mnt/c/WINDOWS/System32/OpenSSH/:/mnt/c/MinGW/bin:/mnt/c/Program Files/Java/jdk-22/bin:/mnt/c/Program Files/MongoDB/Server/7.0/bin:/mnt/c/Program Files/nodejs:/mnt/c/Program Files/WireGuard/:/mnt/c/ProgramData/chocolatey/bin:/mnt/c/Program Files/Git/cmd:/mnt/c/Program Files/CMake/bin:/mnt/c/Users/HP/Downloads/ros2-humble-20250721-windows-release-amd64/ros2-windows/Scripts:/mnt/c/Users/HP/AppData/Local/Programs/Python/Python310/Scripts/:/mnt/c/Users/HP/AppData/Local/Programs/Python/Python310/:/mnt/c/Users/HP/AppData/Local/Programs/Python/Python313/Scripts/:/mnt/c/Users/HP/AppData/Local/Programs/Python/Python313/:/mnt/c/Users/HP/AppData/Local/Programs/Python/Launcher/:/mnt/c/Users/HP/AppData/Local/Microsoft/WindowsApps:/mnt/c/Users/HP/AppData/Local/Programs/Microsoft VS Code/bin:/mnt/c/Users/HP/AppData/Roaming/npm:/mnt/c/Users/HP/Downloads/ros2-humble-20250721-windows-release-amd64/ros2-windows/Scripts:/mnt/c/Users/HP/AppData/Local/Programs/Antigravity/bin', 'XDG_RUNTIME_DIR': '/run/user/1000/', 'DISPLAY': ':0', 'LANG': 'en_US.UTF-8', 'SHELL': '/bin/bash', 'PWD': '/home/jatin/ros2_ASSIGN_2_updated/build/robot_proximity', 'COLCON': '1', 'WSL2_GUI_APPS_ENABLED': '1', 'HOSTTYPE': 'x86_64', 'WSLENV': 'ELECTRON_RUN_AS_NODE/w:', 'PYTHONPATH': '/home/jatin/ros2_ASSIGN_2_updated/build/robot_proximity/prefix_override:/usr/lib/python3/dist-packages/colcon_core/task/python/colcon_distutils_commands:/home/jatin/ros2_ASSIGN_2_updated/install/robot_proximity/lib/python3.10/site-packages:'}, 'shell': False}
[0.902527] (-) TimerEvent: {}
[1.002902] (-) TimerEvent: {}
[1.089052] (robot_proximity) StdoutLine: {'line': b'running egg_info\n'}
[1.089721] (robot_proximity) StdoutLine: {'line': b'writing ../../build/robot_proximity/robot_proximity.egg-info/PKG-INFO\n'}
[1.089998] (robot_proximity) StdoutLine: {'line': b'writing dependency_links to ../../build/robot_proximity/robot_proximity.egg-info/dependency_links.txt\n'}
[1.090379] (robot_proximity) StdoutLine: {'line': b'writing entry points to ../../build/robot_proximity/robot_proximity.egg-info/entry_points.txt\n'}
[1.090610] (robot_proximity) StdoutLine: {'line': b'writing requirements to ../../build/robot_proximity/robot_proximity.egg-info/requires.txt\n'}
[1.090845] (robot_proximity) StdoutLine: {'line': b'writing top-level names to ../../build/robot_proximity/robot_proximity.egg-info/top_level.txt\n'}
[1.092447] (robot_proximity) StdoutLine: {'line': b"reading manifest file '../../build/robot_proximity/robot_proximity.egg-info/SOURCES.txt'\n"}
[1.094055] (robot_proximity) StdoutLine: {'line': b"writing manifest file '../../build/robot_proximity/robot_proximity.egg-info/SOURCES.txt'\n"}
[1.094267] (robot_proximity) StdoutLine: {'line': b'running build\n'}
[1.094326] (robot_proximity) StdoutLine: {'line': b'running build_py\n'}
[1.094520] (robot_proximity) StdoutLine: {'line': b'copying robot_proximity/robot_node.py -> /home/jatin/ros2_ASSIGN_2_updated/build/robot_proximity/build/lib/robot_proximity\n'}
[1.095617] (robot_proximity) StdoutLine: {'line': b'running install\n'}
[1.095995] (robot_proximity) StdoutLine: {'line': b'running install_lib\n'}
[1.097189] (robot_proximity) StdoutLine: {'line': b'copying /home/jatin/ros2_ASSIGN_2_updated/build/robot_proximity/build/lib/robot_proximity/robot_node.py -> /home/jatin/ros2_ASSIGN_2_updated/install/robot_proximity/lib/python3.10/site-packages/robot_proximity\n'}
[1.097951] (robot_proximity) StdoutLine: {'line': b'byte-compiling /home/jatin/ros2_ASSIGN_2_updated/install/robot_proximity/lib/python3.10/site-packages/robot_proximity/robot_node.py to robot_node.cpython-310.pyc\n'}
[1.100094] (robot_proximity) StdoutLine: {'line': b'running install_data\n'}
[1.100414] (robot_proximity) StdoutLine: {'line': b'copying config/simulation.rviz -> /home/jatin/ros2_ASSIGN_2_updated/install/robot_proximity/share/robot_proximity/config\n'}
[1.101952] (robot_proximity) StdoutLine: {'line': b'running install_egg_info\n'}
[1.103045] (-) TimerEvent: {}
[1.103934] (robot_proximity) StdoutLine: {'line': b"removing '/home/jatin/ros2_ASSIGN_2_updated/install/robot_proximity/lib/python3.10/site-packages/robot_proximity-0.0.0-py3.10.egg-info' (and everything under it)\n"}
[1.104449] (robot_proximity) StdoutLine: {'line': b'Copying ../../build/robot_proximity/robot_proximity.egg-info to /home/jatin/ros2_ASSIGN_2_updated/install/robot_proximity/lib/python3.10/site-packages/robot_proximity-0.0.0-py3.10.egg-info\n'}
[1.106120] (robot_proximity) StdoutLine: {'line': b'running install_scripts\n'}
[1.129742] (robot_proximity) StdoutLine: {'line': b'Installing graph_visualizer script to /home/jatin/ros2_ASSIGN_2_updated/install/robot_proximity/lib/robot_proximity\n'}
[1.130886] (robot_proximity) StdoutLine: {'line': b'Installing interactive_runner script to /home/jatin/ros2_ASSIGN_2_updated/install/robot_proximity/lib/robot_proximity\n'}
[1.131355] (robot_proximity) StdoutLine: {'line': b'Installing proximity_monitor script to /home/jatin/ros2_ASSIGN_2_updated/install/robot_proximity/lib/robot_proximity\n'}
[1.131846] (robot_proximity) StdoutLine: {'line': b'Installing robot_node script to /home/jatin/ros2_ASSIGN_2_updated/install/robot_proximity/lib/robot_proximity\n'}
[1.133172] (robot_proximity) StdoutLine: {'line': b"writing list of installed files to '/home/jatin/ros2_ASSIGN_2_updated/build/robot_proximity/install.log'\n"}
[1.161677] (robot_proximity) CommandEnded: {'returncode': 0}
[1.185560] (robot_proximity) JobEnded: {'identifier': 'robot_proximity', 'rc': 0}
[1.186295] (-) EventReactorShutdown: {}
