[1.999s] DEBUG:colcon:Command line arguments: ['/usr/bin/colcon', 'build', '--packages-select', 'robot_proximity']
[1.999s] DEBUG:colcon:Parsed command line arguments: Namespace(log_base=None, log_level=None, verb_name='build', build_base='build', install_base='install', merge_install=False, symlink_install=False, test_result_base=None, continue_on_error=False, executor='parallel', parallel_workers=8, event_handlers=None, ignore_user_meta=False, metas=['./colcon.meta'], base_paths=['.'], packages_ignore=None, packages_ignore_regex=None, paths=None, packages_up_to=None, packages_up_to_regex=None, packages_above=None, packages_above_and_dependencies=None, packages_above_depth=None, packages_select_by_dep=None, packages_skip_by_dep=None, packages_skip_up_to=None, packages_select_build_failed=False, packages_skip_build_finished=False, packages_select_test_failures=False, packages_skip_test_passed=False, packages_select=['robot_proximity'], packages_skip=None, packages_select_regex=None, packages_skip_regex=None, packages_start=None, packages_end=None, allow_overriding=[], cmake_args=None, cmake_target=None, cmake_target_skip_unavailable=False, cmake_clean_cache=False, cmake_clean_first=False, cmake_force_configure=False, ament_cmake_args=None, catkin_cmake_args=None, catkin_skip_building_tests=False, mixin_files=None, mixin=None, verb_parser=<colcon_mixin.mixin.mixin_argument.MixinArgumentDecorator object at 0x7f9711953130>, verb_extension=<colcon_core.verb.build.BuildVerb object at 0x7f9711a6bfd0>, main=<bound method BuildVerb.main of <colcon_core.verb.build.BuildVerb object at 0x7f9711a6bfd0>>, mixin_verb=('build',))
[4.127s] Level 1:colcon.colcon_core.package_discovery:discover_packages(colcon_meta) check parameters
[4.127s] Level 1:colcon.colcon_core.package_discovery:discover_packages(recursive) check parameters
[4.128s] Level 1:colcon.colcon_core.package_discovery:discover_packages(ignore) check parameters
[4.128s] Level 1:colcon.colcon_core.package_discovery:discover_packages(path) check parameters
[4.128s] Level 1:colcon.colcon_core.package_discovery:discover_packages(colcon_meta) discover
[4.128s] Level 1:colcon.colcon_core.package_discovery:discover_packages(recursive) discover
[4.129s] INFO:colcon.colcon_core.package_discovery:Crawling recursively for packages in '/home/chandu/ros2_ws/src/ros2_ASSIGN_2_updated LATEST 10 ROBO/ros2_ASSIGN_2_updated LATEST 10 ROBO'
[4.129s] Level 1:colcon.colcon_core.package_identification:_identify(.) by extensions ['ignore', 'ignore_ament_install']
[4.130s] Level 1:colcon.colcon_core.package_identification:_identify(.) by extension 'ignore'
[4.130s] Level 1:colcon.colcon_core.package_identification:_identify(.) by extension 'ignore_ament_install'
[4.130s] Level 1:colcon.colcon_core.package_identification:_identify(.) by extensions ['colcon_pkg']
[4.130s] Level 1:colcon.colcon_core.package_identification:_identify(.) by extension 'colcon_pkg'
[4.131s] Level 1:colcon.colcon_core.package_identification:_identify(.) by extensions ['colcon_meta']
[4.131s] Level 1:colcon.colcon_core.package_identification:_identify(.) by extension 'colcon_meta'
[4.131s] Level 1:colcon.colcon_core.package_identification:_identify(.) by extensions ['ros']
[4.131s] Level 1:colcon.colcon_core.package_identification:_identify(.) by extension 'ros'
[4.276s] Level 1:colcon.colcon_core.package_identification:_identify(.) by extensions ['cmake', 'python']
[4.276s] Level 1:colcon.colcon_core.package_identification:_identify(.) by extension 'cmake'
[4.277s] Level 1:colcon.colcon_core.package_identification:_identify(.) by extension 'python'
[4.277s] Level 1:colcon.colcon_core.package_identification:_identify(.) by extensions ['python_setup_py']
[4.277s] Level 1:colcon.colcon_core.package_identification:_identify(.) by extension 'python_setup_py'
[4.277s] Level 1:colcon.colcon_core.package_identification:_identify(__pycache__) by extensions ['ignore', 'ignore_ament_install']
[4.289s] Level 1:colcon.colcon_core.package_identification:_identify(__pycache__) by extension 'ignore'
[4.290s] Level 1:colcon.colcon_core.package_identification:_identify(__pycache__) by extension 'ignore_ament_install'
[4.290s] Level 1:colcon.colcon_core.package_identification:_identify(__pycache__) by extensions ['colcon_pkg']
[4.290s] Level 1:colcon.colcon_core.package_identification:_identify(__pycache__) by extension 'colcon_pkg'
[4.291s] Level 1:colcon.colcon_core.package_identification:_identify(__pycache__) by extensions ['colcon_meta']
[4.291s] Level 1:colcon.colcon_core.package_identification:_identify(__pycache__) by extension 'colcon_meta'
[4.291s] Level 1:colcon.colcon_core.package_identification:_identify(__pycache__) by extensions ['ros']
[4.291s] Level 1:colcon.colcon_core.package_identification:_identify(__pycache__) by extension 'ros'
[4.292s] Level 1:colcon.colcon_core.package_identification:_identify(__pycache__) by extensions ['cmake', 'python']
[4.292s] Level 1:colcon.colcon_core.package_identification:_identify(__pycache__) by extension 'cmake'
[4.292s] Level 1:colcon.colcon_core.package_identification:_identify(__pycache__) by extension 'python'
[4.292s] Level 1:colcon.colcon_core.package_identification:_identify(__pycache__) by extensions ['python_setup_py']
[4.292s] Level 1:colcon.colcon_core.package_identification:_identify(__pycache__) by extension 'python_setup_py'
[4.293s] Level 1:colcon.colcon_core.package_identification:_identify(build) by extensions ['ignore', 'ignore_ament_install']
[4.293s] Level 1:colcon.colcon_core.package_identification:_identify(build) by extension 'ignore'
[4.294s] Level 1:colcon.colcon_core.package_identification:_identify(build) ignored
[4.294s] Level 1:colcon.colcon_core.package_identification:_identify(install) by extensions ['ignore', 'ignore_ament_install']
[4.295s] Level 1:colcon.colcon_core.package_identification:_identify(install) by extension 'ignore'
[4.295s] Level 1:colcon.colcon_core.package_identification:_identify(install) ignored
[4.295s] Level 1:colcon.colcon_core.package_identification:_identify(log) by extensions ['ignore', 'ignore_ament_install']
[4.296s] Level 1:colcon.colcon_core.package_identification:_identify(log) by extension 'ignore'
[4.296s] Level 1:colcon.colcon_core.package_identification:_identify(log) ignored
[4.306s] Level 1:colcon.colcon_core.package_identification:_identify(src) by extensions ['ignore', 'ignore_ament_install']
[4.306s] Level 1:colcon.colcon_core.package_identification:_identify(src) by extension 'ignore'
[4.307s] Level 1:colcon.colcon_core.package_identification:_identify(src) by extension 'ignore_ament_install'
[4.307s] Level 1:colcon.colcon_core.package_identification:_identify(src) by extensions ['colcon_pkg']
[4.307s] Level 1:colcon.colcon_core.package_identification:_identify(src) by extension 'colcon_pkg'
[4.307s] Level 1:colcon.colcon_core.package_identification:_identify(src) by extensions ['colcon_meta']
[4.307s] Level 1:colcon.colcon_core.package_identification:_identify(src) by extension 'colcon_meta'
[4.308s] Level 1:colcon.colcon_core.package_identification:_identify(src) by extensions ['ros']
[4.308s] Level 1:colcon.colcon_core.package_identification:_identify(src) by extension 'ros'
[4.308s] Level 1:colcon.colcon_core.package_identification:_identify(src) by extensions ['cmake', 'python']
[4.308s] Level 1:colcon.colcon_core.package_identification:_identify(src) by extension 'cmake'
[4.309s] Level 1:colcon.colcon_core.package_identification:_identify(src) by extension 'python'
[4.309s] Level 1:colcon.colcon_core.package_identification:_identify(src) by extensions ['python_setup_py']
[4.309s] Level 1:colcon.colcon_core.package_identification:_identify(src) by extension 'python_setup_py'
[4.309s] Level 1:colcon.colcon_core.package_identification:_identify(src/robot_proximity) by extensions ['ignore', 'ignore_ament_install']
[4.310s] Level 1:colcon.colcon_core.package_identification:_identify(src/robot_proximity) by extension 'ignore'
[4.310s] Level 1:colcon.colcon_core.package_identification:_identify(src/robot_proximity) by extension 'ignore_ament_install'
[4.310s] Level 1:colcon.colcon_core.package_identification:_identify(src/robot_proximity) by extensions ['colcon_pkg']
[4.310s] Level 1:colcon.colcon_core.package_identification:_identify(src/robot_proximity) by extension 'colcon_pkg'
[4.311s] Level 1:colcon.colcon_core.package_identification:_identify(src/robot_proximity) by extensions ['colcon_meta']
[4.322s] Level 1:colcon.colcon_core.package_identification:_identify(src/robot_proximity) by extension 'colcon_meta'
[4.322s] Level 1:colcon.colcon_core.package_identification:_identify(src/robot_proximity) by extensions ['ros']
[4.322s] Level 1:colcon.colcon_core.package_identification:_identify(src/robot_proximity) by extension 'ros'
[4.354s] DEBUG:colcon.colcon_core.package_identification:Package 'src/robot_proximity' with type 'ros.ament_python' and name 'robot_proximity'
[4.355s] Level 1:colcon.colcon_core.package_discovery:discover_packages(recursive) using defaults
[4.355s] Level 1:colcon.colcon_core.package_discovery:discover_packages(ignore) discover
[4.355s] Level 1:colcon.colcon_core.package_discovery:discover_packages(ignore) using defaults
[4.356s] Level 1:colcon.colcon_core.package_discovery:discover_packages(path) discover
[4.356s] Level 1:colcon.colcon_core.package_discovery:discover_packages(path) using defaults
[4.666s] Level 1:colcon.colcon_core.package_discovery:discover_packages(prefix_path) check parameters
[4.666s] Level 1:colcon.colcon_core.package_discovery:discover_packages(prefix_path) discover
[4.683s] DEBUG:colcon.colcon_installed_package_information.package_discovery:Found 1 installed packages in /home/chandu/ros2_ws/src/ros2_ASSIGN_2_updated LATEST 10 ROBO/ros2_ASSIGN_2_updated LATEST 10 ROBO/install
[4.699s] DEBUG:colcon.colcon_installed_package_information.package_discovery:Found 448 installed packages in /opt/ros/humble
[4.727s] Level 1:colcon.colcon_core.package_discovery:discover_packages(prefix_path) using defaults
[5.399s] Level 5:colcon.colcon_core.verb:set package 'robot_proximity' build argument 'cmake_args' from command line to 'None'
[5.399s] Level 5:colcon.colcon_core.verb:set package 'robot_proximity' build argument 'cmake_target' from command line to 'None'
[5.409s] Level 5:colcon.colcon_core.verb:set package 'robot_proximity' build argument 'cmake_target_skip_unavailable' from command line to 'False'
[5.410s] Level 5:colcon.colcon_core.verb:set package 'robot_proximity' build argument 'cmake_clean_cache' from command line to 'False'
[5.410s] Level 5:colcon.colcon_core.verb:set package 'robot_proximity' build argument 'cmake_clean_first' from command line to 'False'
[5.410s] Level 5:colcon.colcon_core.verb:set package 'robot_proximity' build argument 'cmake_force_configure' from command line to 'False'
[5.410s] Level 5:colcon.colcon_core.verb:set package 'robot_proximity' build argument 'ament_cmake_args' from command line to 'None'
[5.410s] Level 5:colcon.colcon_core.verb:set package 'robot_proximity' build argument 'catkin_cmake_args' from command line to 'None'
[5.410s] Level 5:colcon.colcon_core.verb:set package 'robot_proximity' build argument 'catkin_skip_building_tests' from command line to 'False'
[5.411s] DEBUG:colcon.colcon_core.verb:Building package 'robot_proximity' with the following arguments: {'ament_cmake_args': None, 'build_base': '/home/chandu/ros2_ws/src/ros2_ASSIGN_2_updated LATEST 10 ROBO/ros2_ASSIGN_2_updated LATEST 10 ROBO/build/robot_proximity', 'catkin_cmake_args': None, 'catkin_skip_building_tests': False, 'cmake_args': None, 'cmake_clean_cache': False, 'cmake_clean_first': False, 'cmake_force_configure': False, 'cmake_target': None, 'cmake_target_skip_unavailable': False, 'install_base': '/home/chandu/ros2_ws/src/ros2_ASSIGN_2_updated LATEST 10 ROBO/ros2_ASSIGN_2_updated LATEST 10 ROBO/install/robot_proximity', 'merge_install': False, 'path': '/home/chandu/ros2_ws/src/ros2_ASSIGN_2_updated LATEST 10 ROBO/ros2_ASSIGN_2_updated LATEST 10 ROBO/src/robot_proximity', 'symlink_install': False, 'test_result_base': None}
[5.412s] INFO:colcon.colcon_core.executor:Executing jobs using 'parallel' executor
[5.415s] DEBUG:colcon.colcon_parallel_executor.executor.parallel:run_until_complete
[5.427s] INFO:colcon.colcon_ros.task.ament_python.build:Building ROS package in '/home/chandu/ros2_ws/src/ros2_ASSIGN_2_updated LATEST 10 ROBO/ros2_ASSIGN_2_updated LATEST 10 ROBO/src/robot_proximity' with build type 'ament_python'
[5.428s] Level 1:colcon.colcon_core.shell:create_environment_hook('robot_proximity', 'ament_prefix_path')
[5.447s] INFO:colcon.colcon_core.plugin_system:Skipping extension 'colcon_core.shell.bat': Not used on non-Windows systems
[5.448s] INFO:colcon.colcon_core.shell:Creating environment hook '/home/chandu/ros2_ws/src/ros2_ASSIGN_2_updated LATEST 10 ROBO/ros2_ASSIGN_2_updated LATEST 10 ROBO/install/robot_proximity/share/robot_proximity/hook/ament_prefix_path.ps1'
[5.461s] INFO:colcon.colcon_core.shell:Creating environment descriptor '/home/chandu/ros2_ws/src/ros2_ASSIGN_2_updated LATEST 10 ROBO/ros2_ASSIGN_2_updated LATEST 10 ROBO/install/robot_proximity/share/robot_proximity/hook/ament_prefix_path.dsv'
[5.475s] INFO:colcon.colcon_core.shell:Creating environment hook '/home/chandu/ros2_ws/src/ros2_ASSIGN_2_updated LATEST 10 ROBO/ros2_ASSIGN_2_updated LATEST 10 ROBO/install/robot_proximity/share/robot_proximity/hook/ament_prefix_path.sh'
[5.480s] INFO:colcon.colcon_core.shell:Skip shell extension 'powershell' for command environment: Not usable outside of PowerShell
[5.491s] DEBUG:colcon.colcon_core.shell:Skip shell extension 'dsv' for command environment
[8.598s] INFO:colcon.colcon_core.task.python.build:Building Python package in '/home/chandu/ros2_ws/src/ros2_ASSIGN_2_updated LATEST 10 ROBO/ros2_ASSIGN_2_updated LATEST 10 ROBO/src/robot_proximity'
[8.599s] INFO:colcon.colcon_core.shell:Skip shell extension 'powershell' for command environment: Not usable outside of PowerShell
[8.600s] DEBUG:colcon.colcon_core.shell:Skip shell extension 'dsv' for command environment
[13.665s] DEBUG:colcon.colcon_core.event_handler.log_command:Invoking command in '/home/chandu/ros2_ws/src/ros2_ASSIGN_2_updated LATEST 10 ROBO/ros2_ASSIGN_2_updated LATEST 10 ROBO/src/robot_proximity': PYTHONPATH=/home/chandu/ros2_ws/src/ros2_ASSIGN_2_updated LATEST 10 ROBO/ros2_ASSIGN_2_updated LATEST 10 ROBO/build/robot_proximity/prefix_override:/usr/lib/python3/dist-packages/colcon_core/task/python/colcon_distutils_commands:/home/chandu/ros2_ws/src/ros2_ASSIGN_2_updated LATEST 10 ROBO/ros2_ASSIGN_2_updated LATEST 10 ROBO/install/robot_proximity/lib/python3.10/site-packages:${PYTHONPATH} /usr/bin/python3 -W ignore:setup.py install is deprecated -W ignore:easy_install command is deprecated setup.py egg_info --egg-base ../../build/robot_proximity build --build-base /home/chandu/ros2_ws/src/ros2_ASSIGN_2_updated LATEST 10 ROBO/ros2_ASSIGN_2_updated LATEST 10 ROBO/build/robot_proximity/build install --record /home/chandu/ros2_ws/src/ros2_ASSIGN_2_updated LATEST 10 ROBO/ros2_ASSIGN_2_updated LATEST 10 ROBO/build/robot_proximity/install.log --single-version-externally-managed install_data
[17.320s] DEBUG:colcon.colcon_core.event_handler.log_command:Invoked command in '/home/chandu/ros2_ws/src/ros2_ASSIGN_2_updated LATEST 10 ROBO/ros2_ASSIGN_2_updated LATEST 10 ROBO/src/robot_proximity' returned '0': PYTHONPATH=/home/chandu/ros2_ws/src/ros2_ASSIGN_2_updated LATEST 10 ROBO/ros2_ASSIGN_2_updated LATEST 10 ROBO/build/robot_proximity/prefix_override:/usr/lib/python3/dist-packages/colcon_core/task/python/colcon_distutils_commands:/home/chandu/ros2_ws/src/ros2_ASSIGN_2_updated LATEST 10 ROBO/ros2_ASSIGN_2_updated LATEST 10 ROBO/install/robot_proximity/lib/python3.10/site-packages:${PYTHONPATH} /usr/bin/python3 -W ignore:setup.py install is deprecated -W ignore:easy_install command is deprecated setup.py egg_info --egg-base ../../build/robot_proximity build --build-base /home/chandu/ros2_ws/src/ros2_ASSIGN_2_updated LATEST 10 ROBO/ros2_ASSIGN_2_updated LATEST 10 ROBO/build/robot_proximity/build install --record /home/chandu/ros2_ws/src/ros2_ASSIGN_2_updated LATEST 10 ROBO/ros2_ASSIGN_2_updated LATEST 10 ROBO/build/robot_proximity/install.log --single-version-externally-managed install_data
[17.342s] Level 1:colcon.colcon_core.environment:checking '/home/chandu/ros2_ws/src/ros2_ASSIGN_2_updated LATEST 10 ROBO/ros2_ASSIGN_2_updated LATEST 10 ROBO/install/robot_proximity' for CMake module files
[17.344s] Level 1:colcon.colcon_core.environment:checking '/home/chandu/ros2_ws/src/ros2_ASSIGN_2_updated LATEST 10 ROBO/ros2_ASSIGN_2_updated LATEST 10 ROBO/install/robot_proximity' for CMake config files
[17.357s] Level 1:colcon.colcon_core.environment:checking '/home/chandu/ros2_ws/src/ros2_ASSIGN_2_updated LATEST 10 ROBO/ros2_ASSIGN_2_updated LATEST 10 ROBO/install/robot_proximity/lib'
[17.358s] Level 1:colcon.colcon_core.environment:checking '/home/chandu/ros2_ws/src/ros2_ASSIGN_2_updated LATEST 10 ROBO/ros2_ASSIGN_2_updated LATEST 10 ROBO/install/robot_proximity/bin'
[17.359s] Level 1:colcon.colcon_core.environment:checking '/home/chandu/ros2_ws/src/ros2_ASSIGN_2_updated LATEST 10 ROBO/ros2_ASSIGN_2_updated LATEST 10 ROBO/install/robot_proximity/lib/pkgconfig/robot_proximity.pc'
[17.360s] Level 1:colcon.colcon_core.environment:checking '/home/chandu/ros2_ws/src/ros2_ASSIGN_2_updated LATEST 10 ROBO/ros2_ASSIGN_2_updated LATEST 10 ROBO/install/robot_proximity/lib/python3.10/site-packages'
[17.361s] Level 1:colcon.colcon_core.shell:create_environment_hook('robot_proximity', 'pythonpath')
[17.372s] INFO:colcon.colcon_core.shell:Creating environment hook '/home/chandu/ros2_ws/src/ros2_ASSIGN_2_updated LATEST 10 ROBO/ros2_ASSIGN_2_updated LATEST 10 ROBO/install/robot_proximity/share/robot_proximity/hook/pythonpath.ps1'
[17.375s] INFO:colcon.colcon_core.shell:Creating environment descriptor '/home/chandu/ros2_ws/src/ros2_ASSIGN_2_updated LATEST 10 ROBO/ros2_ASSIGN_2_updated LATEST 10 ROBO/install/robot_proximity/share/robot_proximity/hook/pythonpath.dsv'
[17.387s] INFO:colcon.colcon_core.shell:Creating environment hook '/home/chandu/ros2_ws/src/ros2_ASSIGN_2_updated LATEST 10 ROBO/ros2_ASSIGN_2_updated LATEST 10 ROBO/install/robot_proximity/share/robot_proximity/hook/pythonpath.sh'
[17.391s] Level 1:colcon.colcon_core.environment:checking '/home/chandu/ros2_ws/src/ros2_ASSIGN_2_updated LATEST 10 ROBO/ros2_ASSIGN_2_updated LATEST 10 ROBO/install/robot_proximity/bin'
[17.391s] Level 1:colcon.colcon_core.environment:create_environment_scripts_only(robot_proximity)
[17.404s] INFO:colcon.colcon_core.shell:Creating package script '/home/chandu/ros2_ws/src/ros2_ASSIGN_2_updated LATEST 10 ROBO/ros2_ASSIGN_2_updated LATEST 10 ROBO/install/robot_proximity/share/robot_proximity/package.ps1'
[17.408s] INFO:colcon.colcon_core.shell:Creating package descriptor '/home/chandu/ros2_ws/src/ros2_ASSIGN_2_updated LATEST 10 ROBO/ros2_ASSIGN_2_updated LATEST 10 ROBO/install/robot_proximity/share/robot_proximity/package.dsv'
[17.420s] INFO:colcon.colcon_core.shell:Creating package script '/home/chandu/ros2_ws/src/ros2_ASSIGN_2_updated LATEST 10 ROBO/ros2_ASSIGN_2_updated LATEST 10 ROBO/install/robot_proximity/share/robot_proximity/package.sh'
[17.423s] INFO:colcon.colcon_core.shell:Creating package script '/home/chandu/ros2_ws/src/ros2_ASSIGN_2_updated LATEST 10 ROBO/ros2_ASSIGN_2_updated LATEST 10 ROBO/install/robot_proximity/share/robot_proximity/package.bash'
[17.437s] INFO:colcon.colcon_core.shell:Creating package script '/home/chandu/ros2_ws/src/ros2_ASSIGN_2_updated LATEST 10 ROBO/ros2_ASSIGN_2_updated LATEST 10 ROBO/install/robot_proximity/share/robot_proximity/package.zsh'
[17.441s] Level 1:colcon.colcon_core.environment:create_file_with_runtime_dependencies(/home/chandu/ros2_ws/src/ros2_ASSIGN_2_updated LATEST 10 ROBO/ros2_ASSIGN_2_updated LATEST 10 ROBO/install/robot_proximity/share/colcon-core/packages/robot_proximity)
[17.453s] DEBUG:colcon.colcon_parallel_executor.executor.parallel:closing loop
[17.456s] DEBUG:colcon.colcon_parallel_executor.executor.parallel:loop closed
[17.456s] DEBUG:colcon.colcon_parallel_executor.executor.parallel:run_until_complete finished with '0'
[17.457s] DEBUG:colcon.colcon_core.event_reactor:joining thread
[17.692s] INFO:colcon.colcon_core.plugin_system:Skipping extension 'colcon_notification.desktop_notification.notify_send': Could not find 'notify-send'
[17.693s] INFO:colcon.colcon_core.plugin_system:Skipping extension 'colcon_notification.desktop_notification.terminal_notifier': Not used on non-Darwin systems
[17.693s] INFO:colcon.colcon_core.plugin_system:Skipping extension 'colcon_notification.desktop_notification.win32': Not used on non-Windows systems
[17.694s] INFO:colcon.colcon_notification.desktop_notification:Sending desktop notification using 'notify2'
[17.694s] DEBUG:colcon.colcon_notification.desktop_notification.notify2:Failed to initialize notify2: org.freedesktop.DBus.Error.FileNotFound: Failed to connect to socket /run/user/1000/bus: No such file or directory
[17.695s] DEBUG:colcon.colcon_core.event_reactor:joined thread
[17.696s] INFO:colcon.colcon_core.shell:Creating prefix script '/home/chandu/ros2_ws/src/ros2_ASSIGN_2_updated LATEST 10 ROBO/ros2_ASSIGN_2_updated LATEST 10 ROBO/install/local_setup.ps1'
[17.701s] INFO:colcon.colcon_core.shell:Creating prefix util module '/home/chandu/ros2_ws/src/ros2_ASSIGN_2_updated LATEST 10 ROBO/ros2_ASSIGN_2_updated LATEST 10 ROBO/install/_local_setup_util_ps1.py'
[17.707s] INFO:colcon.colcon_core.shell:Creating prefix chain script '/home/chandu/ros2_ws/src/ros2_ASSIGN_2_updated LATEST 10 ROBO/ros2_ASSIGN_2_updated LATEST 10 ROBO/install/setup.ps1'
[17.721s] INFO:colcon.colcon_core.shell:Creating prefix script '/home/chandu/ros2_ws/src/ros2_ASSIGN_2_updated LATEST 10 ROBO/ros2_ASSIGN_2_updated LATEST 10 ROBO/install/local_setup.sh'
[17.724s] INFO:colcon.colcon_core.shell:Creating prefix util module '/home/chandu/ros2_ws/src/ros2_ASSIGN_2_updated LATEST 10 ROBO/ros2_ASSIGN_2_updated LATEST 10 ROBO/install/_local_setup_util_sh.py'
[17.736s] INFO:colcon.colcon_core.shell:Creating prefix chain script '/home/chandu/ros2_ws/src/ros2_ASSIGN_2_updated LATEST 10 ROBO/ros2_ASSIGN_2_updated LATEST 10 ROBO/install/setup.sh'
[17.750s] INFO:colcon.colcon_core.shell:Creating prefix script '/home/chandu/ros2_ws/src/ros2_ASSIGN_2_updated LATEST 10 ROBO/ros2_ASSIGN_2_updated LATEST 10 ROBO/install/local_setup.bash'
[17.753s] INFO:colcon.colcon_core.shell:Creating prefix chain script '/home/chandu/ros2_ws/src/ros2_ASSIGN_2_updated LATEST 10 ROBO/ros2_ASSIGN_2_updated LATEST 10 ROBO/install/setup.bash'
[17.758s] INFO:colcon.colcon_core.shell:Creating prefix script '/home/chandu/ros2_ws/src/ros2_ASSIGN_2_updated LATEST 10 ROBO/ros2_ASSIGN_2_updated LATEST 10 ROBO/install/local_setup.zsh'
[17.760s] INFO:colcon.colcon_core.shell:Creating prefix chain script '/home/chandu/ros2_ws/src/ros2_ASSIGN_2_updated LATEST 10 ROBO/ros2_ASSIGN_2_updated LATEST 10 ROBO/install/setup.zsh'
