[8.823s] Invoking command in '/home/chandu/ros2_ws/src/ros2_ASSIGN_2_updated LATEST 10 ROBO/ros2_ASSIGN_2_updated LATEST 10 ROBO/src/robot_proximity': PYTHONPATH=/home/chandu/ros2_ws/src/ros2_ASSIGN_2_updated LATEST 10 ROBO/ros2_ASSIGN_2_updated LATEST 10 ROBO/build/robot_proximity/prefix_override:/usr/lib/python3/dist-packages/colcon_core/task/python/colcon_distutils_commands:/home/chandu/ros2_ws/src/ros2_ASSIGN_2_updated LATEST 10 ROBO/ros2_ASSIGN_2_updated LATEST 10 ROBO/install/robot_proximity/lib/python3.10/site-packages:${PYTHONPATH} /usr/bin/python3 -W ignore:setup.py install is deprecated -W ignore:easy_install command is deprecated setup.py egg_info --egg-base ../../build/robot_proximity build --build-base /home/chandu/ros2_ws/src/ros2_ASSIGN_2_updated LATEST 10 ROBO/ros2_ASSIGN_2_updated LATEST 10 ROBO/build/robot_proximity/build install --record /home/chandu/ros2_ws/src/ros2_ASSIGN_2_updated LATEST 10 ROBO/ros2_ASSIGN_2_updated LATEST 10 ROBO/build/robot_proximity/install.log --single-version-externally-managed install_data
[11.867s] running egg_info
[11.870s] writing ../../build/robot_proximity/robot_proximity.egg-info/PKG-INFO
[11.882s] writing dependency_links to ../../build/robot_proximity/robot_proximity.egg-info/dependency_links.txt
[11.883s] writing entry points to ../../build/robot_proximity/robot_proximity.egg-info/entry_points.txt
[11.884s] writing requirements to ../../build/robot_proximity/robot_proximity.egg-info/requires.txt
[11.884s] writing top-level names to ../../build/robot_proximity/robot_proximity.egg-info/top_level.txt
[11.914s] reading manifest file '../../build/robot_proximity/robot_proximity.egg-info/SOURCES.txt'
[11.931s] writing manifest file '../../build/robot_proximity/robot_proximity.egg-info/SOURCES.txt'
[11.931s] running build
[11.932s] running build_py
[11.934s] running install
[11.935s] running install_lib
[11.953s] running install_data
[11.953s] running install_egg_info
[11.962s] removing '/home/chandu/ros2_ws/src/ros2_ASSIGN_2_updated LATEST 10 ROBO/ros2_ASSIGN_2_updated LATEST 10 ROBO/install/robot_proximity/lib/python3.10/site-packages/robot_proximity-0.0.0-py3.10.egg-info' (and everything under it)
[11.964s] Copying ../../build/robot_proximity/robot_proximity.egg-info to /home/chandu/ros2_ws/src/ros2_ASSIGN_2_updated LATEST 10 ROBO/ros2_ASSIGN_2_updated LATEST 10 ROBO/install/robot_proximity/lib/python3.10/site-packages/robot_proximity-0.0.0-py3.10.egg-info
[11.993s] running install_scripts
[12.198s] Installing graph_visualizer script to /home/chandu/ros2_ws/src/ros2_ASSIGN_2_updated LATEST 10 ROBO/ros2_ASSIGN_2_updated LATEST 10 ROBO/install/robot_proximity/lib/robot_proximity
[12.199s] Installing interactive_runner script to /home/chandu/ros2_ws/src/ros2_ASSIGN_2_updated LATEST 10 ROBO/ros2_ASSIGN_2_updated LATEST 10 ROBO/install/robot_proximity/lib/robot_proximity
[12.200s] Installing proximity_monitor script to /home/chandu/ros2_ws/src/ros2_ASSIGN_2_updated LATEST 10 ROBO/ros2_ASSIGN_2_updated LATEST 10 ROBO/install/robot_proximity/lib/robot_proximity
[12.201s] Installing robot_node script to /home/chandu/ros2_ws/src/ros2_ASSIGN_2_updated LATEST 10 ROBO/ros2_ASSIGN_2_updated LATEST 10 ROBO/install/robot_proximity/lib/robot_proximity
[12.203s] writing list of installed files to '/home/chandu/ros2_ws/src/ros2_ASSIGN_2_updated LATEST 10 ROBO/ros2_ASSIGN_2_updated LATEST 10 ROBO/build/robot_proximity/install.log'
[12.478s] Invoked command in '/home/chandu/ros2_ws/src/ros2_ASSIGN_2_updated LATEST 10 ROBO/ros2_ASSIGN_2_updated LATEST 10 ROBO/src/robot_proximity' returned '0': PYTHONPATH=/home/chandu/ros2_ws/src/ros2_ASSIGN_2_updated LATEST 10 ROBO/ros2_ASSIGN_2_updated LATEST 10 ROBO/build/robot_proximity/prefix_override:/usr/lib/python3/dist-packages/colcon_core/task/python/colcon_distutils_commands:/home/chandu/ros2_ws/src/ros2_ASSIGN_2_updated LATEST 10 ROBO/ros2_ASSIGN_2_updated LATEST 10 ROBO/install/robot_proximity/lib/python3.10/site-packages:${PYTHONPATH} /usr/bin/python3 -W ignore:setup.py install is deprecated -W ignore:easy_install command is deprecated setup.py egg_info --egg-base ../../build/robot_proximity build --build-base /home/chandu/ros2_ws/src/ros2_ASSIGN_2_updated LATEST 10 ROBO/ros2_ASSIGN_2_updated LATEST 10 ROBO/build/robot_proximity/build install --record /home/chandu/ros2_ws/src/ros2_ASSIGN_2_updated LATEST 10 ROBO/ros2_ASSIGN_2_updated LATEST 10 ROBO/build/robot_proximity/install.log --single-version-externally-managed install_data
